<?xml version="1.0" encoding="UTF-8"?>
<testsuites>
  <testsuite name="/app/phpunit.xml" tests="332" assertions="1278" errors="0" failures="0" skipped="0" time="204.052004">
    <testsuite name="unit" tests="127" assertions="428" errors="0" failures="0" skipped="0" time="73.143393">
      <testsuite name="SagaManager\Tests\Unit\ConsistencyGuardian\ConsistencyIssueTest" file="/app/tests/unit/ConsistencyGuardian/ConsistencyIssueTest.php" tests="23" assertions="100" errors="0" failures="0" skipped="0" time="13.663568">
        <testcase name="test_can_create_consistency_issue" file="/app/tests/unit/ConsistencyGuardian/ConsistencyIssueTest.php" line="30" class="SagaManager\Tests\Unit\ConsistencyGuardian\ConsistencyIssueTest" classname="SagaManager.Tests.Unit.ConsistencyGuardian.ConsistencyIssueTest" assertions="15" time="0.891988"/>
        <testcase name="test_validates_issue_type" file="/app/tests/unit/ConsistencyGuardian/ConsistencyIssueTest.php" line="69" class="SagaManager\Tests\Unit\ConsistencyGuardian\ConsistencyIssueTest" classname="SagaManager.Tests.Unit.ConsistencyGuardian.ConsistencyIssueTest" assertions="2" time="0.470992"/>
        <testcase name="test_accepts_valid_issue_types" file="/app/tests/unit/ConsistencyGuardian/ConsistencyIssueTest.php" line="90" class="SagaManager\Tests\Unit\ConsistencyGuardian\ConsistencyIssueTest" classname="SagaManager.Tests.Unit.ConsistencyGuardian.ConsistencyIssueTest" assertions="5" time="0.505285"/>
        <testcase name="test_validates_severity_range" file="/app/tests/unit/ConsistencyGuardian/ConsistencyIssueTest.php" line="114" class="SagaManager\Tests\Unit\ConsistencyGuardian\ConsistencyIssueTest" classname="SagaManager.Tests.Unit.ConsistencyGuardian.ConsistencyIssueTest" assertions="2" time="0.483235"/>
        <testcase name="test_accepts_valid_severity_levels" file="/app/tests/unit/ConsistencyGuardian/ConsistencyIssueTest.php" line="135" class="SagaManager\Tests\Unit\ConsistencyGuardian\ConsistencyIssueTest" classname="SagaManager.Tests.Unit.ConsistencyGuardian.ConsistencyIssueTest" assertions="5" time="0.709193"/>
        <testcase name="test_validates_status" file="/app/tests/unit/ConsistencyGuardian/ConsistencyIssueTest.php" line="159" class="SagaManager\Tests\Unit\ConsistencyGuardian\ConsistencyIssueTest" classname="SagaManager.Tests.Unit.ConsistencyGuardian.ConsistencyIssueTest" assertions="2" time="0.521437"/>
        <testcase name="test_accepts_valid_statuses" file="/app/tests/unit/ConsistencyGuardian/ConsistencyIssueTest.php" line="181" class="SagaManager\Tests\Unit\ConsistencyGuardian\ConsistencyIssueTest" classname="SagaManager.Tests.Unit.ConsistencyGuardian.ConsistencyIssueTest" assertions="4" time="0.743122"/>
        <testcase name="test_validates_ai_confidence_range" file="/app/tests/unit/ConsistencyGuardian/ConsistencyIssueTest.php" line="206" class="SagaManager\Tests\Unit\ConsistencyGuardian\ConsistencyIssueTest" classname="SagaManager.Tests.Unit.ConsistencyGuardian.ConsistencyIssueTest" assertions="2" time="0.560515"/>
        <testcase name="test_validates_ai_confidence_negative" file="/app/tests/unit/ConsistencyGuardian/ConsistencyIssueTest.php" line="232" class="SagaManager\Tests\Unit\ConsistencyGuardian\ConsistencyIssueTest" classname="SagaManager.Tests.Unit.ConsistencyGuardian.ConsistencyIssueTest" assertions="1" time="0.642959"/>
        <testcase name="test_rounds_ai_confidence" file="/app/tests/unit/ConsistencyGuardian/ConsistencyIssueTest.php" line="257" class="SagaManager\Tests\Unit\ConsistencyGuardian\ConsistencyIssueTest" classname="SagaManager.Tests.Unit.ConsistencyGuardian.ConsistencyIssueTest" assertions="1" time="0.506111"/>
        <testcase name="test_accepts_null_ai_confidence" file="/app/tests/unit/ConsistencyGuardian/ConsistencyIssueTest.php" line="282" class="SagaManager\Tests\Unit\ConsistencyGuardian\ConsistencyIssueTest" classname="SagaManager.Tests.Unit.ConsistencyGuardian.ConsistencyIssueTest" assertions="1" time="0.501508"/>
        <testcase name="test_converts_to_array" file="/app/tests/unit/ConsistencyGuardian/ConsistencyIssueTest.php" line="307" class="SagaManager\Tests\Unit\ConsistencyGuardian\ConsistencyIssueTest" classname="SagaManager.Tests.Unit.ConsistencyGuardian.ConsistencyIssueTest" assertions="19" time="0.520546"/>
        <testcase name="test_creates_from_database_row" file="/app/tests/unit/ConsistencyGuardian/ConsistencyIssueTest.php" line="353" class="SagaManager\Tests\Unit\ConsistencyGuardian\ConsistencyIssueTest" classname="SagaManager.Tests.Unit.ConsistencyGuardian.ConsistencyIssueTest" assertions="9" time="0.686756"/>
        <testcase name="test_creates_from_database_object" file="/app/tests/unit/ConsistencyGuardian/ConsistencyIssueTest.php" line="388" class="SagaManager\Tests\Unit\ConsistencyGuardian\ConsistencyIssueTest" classname="SagaManager.Tests.Unit.ConsistencyGuardian.ConsistencyIssueTest" assertions="2" time="0.536745"/>
        <testcase name="test_resolve_creates_resolved_copy" file="/app/tests/unit/ConsistencyGuardian/ConsistencyIssueTest.php" line="416" class="SagaManager\Tests\Unit\ConsistencyGuardian\ConsistencyIssueTest" classname="SagaManager.Tests.Unit.ConsistencyGuardian.ConsistencyIssueTest" assertions="7" time="0.685030"/>
        <testcase name="test_dismiss_creates_dismissed_copy" file="/app/tests/unit/ConsistencyGuardian/ConsistencyIssueTest.php" line="448" class="SagaManager\Tests\Unit\ConsistencyGuardian\ConsistencyIssueTest" classname="SagaManager.Tests.Unit.ConsistencyGuardian.ConsistencyIssueTest" assertions="3" time="0.520295"/>
        <testcase name="test_dismiss_as_false_positive" file="/app/tests/unit/ConsistencyGuardian/ConsistencyIssueTest.php" line="474" class="SagaManager\Tests\Unit\ConsistencyGuardian\ConsistencyIssueTest" classname="SagaManager.Tests.Unit.ConsistencyGuardian.ConsistencyIssueTest" assertions="2" time="0.716151"/>
        <testcase name="test_is_open" file="/app/tests/unit/ConsistencyGuardian/ConsistencyIssueTest.php" line="499" class="SagaManager\Tests\Unit\ConsistencyGuardian\ConsistencyIssueTest" classname="SagaManager.Tests.Unit.ConsistencyGuardian.ConsistencyIssueTest" assertions="2" time="0.536425"/>
        <testcase name="test_is_resolved" file="/app/tests/unit/ConsistencyGuardian/ConsistencyIssueTest.php" line="534" class="SagaManager\Tests\Unit\ConsistencyGuardian\ConsistencyIssueTest" classname="SagaManager.Tests.Unit.ConsistencyGuardian.ConsistencyIssueTest" assertions="2" time="0.538325"/>
        <testcase name="test_get_severity_label" file="/app/tests/unit/ConsistencyGuardian/ConsistencyIssueTest.php" line="569" class="SagaManager\Tests\Unit\ConsistencyGuardian\ConsistencyIssueTest" classname="SagaManager.Tests.Unit.ConsistencyGuardian.ConsistencyIssueTest" assertions="5" time="0.512405"/>
        <testcase name="test_get_issue_type_label" file="/app/tests/unit/ConsistencyGuardian/ConsistencyIssueTest.php" line="599" class="SagaManager\Tests\Unit\ConsistencyGuardian\ConsistencyIssueTest" classname="SagaManager.Tests.Unit.ConsistencyGuardian.ConsistencyIssueTest" assertions="5" time="0.620614"/>
        <testcase name="test_handles_empty_context" file="/app/tests/unit/ConsistencyGuardian/ConsistencyIssueTest.php" line="629" class="SagaManager\Tests\Unit\ConsistencyGuardian\ConsistencyIssueTest" classname="SagaManager.Tests.Unit.ConsistencyGuardian.ConsistencyIssueTest" assertions="2" time="0.528868"/>
        <testcase name="test_handles_complex_context" file="/app/tests/unit/ConsistencyGuardian/ConsistencyIssueTest.php" line="652" class="SagaManager\Tests\Unit\ConsistencyGuardian\ConsistencyIssueTest" classname="SagaManager.Tests.Unit.ConsistencyGuardian.ConsistencyIssueTest" assertions="2" time="0.725064"/>
      </testsuite>
      <testsuite name="SagaManager\Tests\Unit\EntityExtractor\ExtractedEntityTest" file="/app/tests/unit/EntityExtractor/ExtractedEntityTest.php" tests="17" assertions="48" errors="0" failures="0" skipped="0" time="8.749896">
        <testcase name="test_can_create_extracted_entity" file="/app/tests/unit/EntityExtractor/ExtractedEntityTest.php" line="20" class="SagaManager\Tests\Unit\EntityExtractor\ExtractedEntityTest" classname="SagaManager.Tests.Unit.EntityExtractor.ExtractedEntityTest" assertions="4" time="0.482730"/>
        <testcase name="test_validates_empty_canonical_name" file="/app/tests/unit/EntityExtractor/ExtractedEntityTest.php" line="49" class="SagaManager\Tests\Unit\EntityExtractor\ExtractedEntityTest" classname="SagaManager.Tests.Unit.EntityExtractor.ExtractedEntityTest" assertions="2" time="0.464788"/>
        <testcase name="test_validates_confidence_score_range" file="/app/tests/unit/EntityExtractor/ExtractedEntityTest.php" line="76" class="SagaManager\Tests\Unit\EntityExtractor\ExtractedEntityTest" classname="SagaManager.Tests.Unit.EntityExtractor.ExtractedEntityTest" assertions="2" time="0.468549"/>
        <testcase name="test_validates_duplicate_similarity_range" file="/app/tests/unit/EntityExtractor/ExtractedEntityTest.php" line="103" class="SagaManager\Tests\Unit\EntityExtractor\ExtractedEntityTest" classname="SagaManager.Tests.Unit.EntityExtractor.ExtractedEntityTest" assertions="1" time="0.470635"/>
        <testcase name="test_validates_chunk_index_not_negative" file="/app/tests/unit/EntityExtractor/ExtractedEntityTest.php" line="129" class="SagaManager\Tests\Unit\EntityExtractor\ExtractedEntityTest" classname="SagaManager.Tests.Unit.EntityExtractor.ExtractedEntityTest" assertions="1" time="0.397838"/>
        <testcase name="test_get_confidence_level" file="/app/tests/unit/EntityExtractor/ExtractedEntityTest.php" line="155" class="SagaManager\Tests\Unit\EntityExtractor\ExtractedEntityTest" classname="SagaManager.Tests.Unit.EntityExtractor.ExtractedEntityTest" assertions="3" time="0.384679"/>
        <testcase name="test_approve_changes_status" file="/app/tests/unit/EntityExtractor/ExtractedEntityTest.php" line="189" class="SagaManager\Tests\Unit\EntityExtractor\ExtractedEntityTest" classname="SagaManager.Tests.Unit.EntityExtractor.ExtractedEntityTest" assertions="4" time="0.487930"/>
        <testcase name="test_reject_changes_status" file="/app/tests/unit/EntityExtractor/ExtractedEntityTest.php" line="210" class="SagaManager\Tests\Unit\EntityExtractor\ExtractedEntityTest" classname="SagaManager.Tests.Unit.EntityExtractor.ExtractedEntityTest" assertions="2" time="0.493472"/>
        <testcase name="test_mark_duplicate" file="/app/tests/unit/EntityExtractor/ExtractedEntityTest.php" line="227" class="SagaManager\Tests\Unit\EntityExtractor\ExtractedEntityTest" classname="SagaManager.Tests.Unit.EntityExtractor.ExtractedEntityTest" assertions="3" time="0.538088"/>
        <testcase name="test_mark_created" file="/app/tests/unit/EntityExtractor/ExtractedEntityTest.php" line="245" class="SagaManager\Tests\Unit\EntityExtractor\ExtractedEntityTest" classname="SagaManager.Tests.Unit.EntityExtractor.ExtractedEntityTest" assertions="2" time="0.501683"/>
        <testcase name="test_get_quality_score" file="/app/tests/unit/EntityExtractor/ExtractedEntityTest.php" line="262" class="SagaManager\Tests\Unit\EntityExtractor\ExtractedEntityTest" classname="SagaManager.Tests.Unit.EntityExtractor.ExtractedEntityTest" assertions="3" time="0.583293"/>
        <testcase name="test_get_all_names" file="/app/tests/unit/EntityExtractor/ExtractedEntityTest.php" line="284" class="SagaManager\Tests\Unit\EntityExtractor\ExtractedEntityTest" classname="SagaManager.Tests.Unit.EntityExtractor.ExtractedEntityTest" assertions="3" time="0.499617"/>
        <testcase name="test_has_attribute" file="/app/tests/unit/EntityExtractor/ExtractedEntityTest.php" line="304" class="SagaManager\Tests\Unit\EntityExtractor\ExtractedEntityTest" classname="SagaManager.Tests.Unit.EntityExtractor.ExtractedEntityTest" assertions="3" time="0.526624"/>
        <testcase name="test_get_attribute" file="/app/tests/unit/EntityExtractor/ExtractedEntityTest.php" line="321" class="SagaManager\Tests\Unit\EntityExtractor\ExtractedEntityTest" classname="SagaManager.Tests.Unit.EntityExtractor.ExtractedEntityTest" assertions="2" time="0.535484"/>
        <testcase name="test_needs_review" file="/app/tests/unit/EntityExtractor/ExtractedEntityTest.php" line="337" class="SagaManager\Tests\Unit\EntityExtractor\ExtractedEntityTest" classname="SagaManager.Tests.Unit.EntityExtractor.ExtractedEntityTest" assertions="2" time="0.645056"/>
        <testcase name="test_converts_to_array" file="/app/tests/unit/EntityExtractor/ExtractedEntityTest.php" line="361" class="SagaManager\Tests\Unit\EntityExtractor\ExtractedEntityTest" classname="SagaManager.Tests.Unit.EntityExtractor.ExtractedEntityTest" assertions="7" time="0.535846"/>
        <testcase name="test_creates_from_array" file="/app/tests/unit/EntityExtractor/ExtractedEntityTest.php" line="384" class="SagaManager\Tests\Unit\EntityExtractor\ExtractedEntityTest" classname="SagaManager.Tests.Unit.EntityExtractor.ExtractedEntityTest" assertions="4" time="0.733585"/>
      </testsuite>
      <testsuite name="SagaManager\Tests\Unit\EntityExtractor\ExtractionJobTest" file="/app/tests/unit/EntityExtractor/ExtractionJobTest.php" tests="24" assertions="77" errors="0" failures="0" skipped="0" time="13.909287">
        <testcase name="test_can_create_extraction_job" file="/app/tests/unit/EntityExtractor/ExtractionJobTest.php" line="34" class="SagaManager\Tests\Unit\EntityExtractor\ExtractionJobTest" classname="SagaManager.Tests.Unit.EntityExtractor.ExtractionJobTest" assertions="10" time="0.492560"/>
        <testcase name="test_validates_chunk_size_minimum" file="/app/tests/unit/EntityExtractor/ExtractionJobTest.php" line="77" class="SagaManager\Tests\Unit\EntityExtractor\ExtractionJobTest" classname="SagaManager.Tests.Unit.EntityExtractor.ExtractionJobTest" assertions="2" time="0.559945"/>
        <testcase name="test_validates_chunk_size_maximum" file="/app/tests/unit/EntityExtractor/ExtractionJobTest.php" line="112" class="SagaManager\Tests\Unit\EntityExtractor\ExtractionJobTest" classname="SagaManager.Tests.Unit.EntityExtractor.ExtractionJobTest" assertions="1" time="0.483544"/>
        <testcase name="test_validates_total_chunks_minimum" file="/app/tests/unit/EntityExtractor/ExtractionJobTest.php" line="146" class="SagaManager\Tests\Unit\EntityExtractor\ExtractionJobTest" classname="SagaManager.Tests.Unit.EntityExtractor.ExtractionJobTest" assertions="2" time="0.536888"/>
        <testcase name="test_validates_processed_chunks_not_exceeding_total" file="/app/tests/unit/EntityExtractor/ExtractionJobTest.php" line="181" class="SagaManager\Tests\Unit\EntityExtractor\ExtractionJobTest" classname="SagaManager.Tests.Unit.EntityExtractor.ExtractionJobTest" assertions="2" time="0.513814"/>
        <testcase name="test_validates_accuracy_score_minimum" file="/app/tests/unit/EntityExtractor/ExtractionJobTest.php" line="216" class="SagaManager\Tests\Unit\EntityExtractor\ExtractionJobTest" classname="SagaManager.Tests.Unit.EntityExtractor.ExtractionJobTest" assertions="2" time="0.586125"/>
        <testcase name="test_validates_accuracy_score_maximum" file="/app/tests/unit/EntityExtractor/ExtractionJobTest.php" line="251" class="SagaManager\Tests\Unit\EntityExtractor\ExtractionJobTest" classname="SagaManager.Tests.Unit.EntityExtractor.ExtractionJobTest" assertions="1" time="0.514616"/>
        <testcase name="test_validates_api_cost_not_negative" file="/app/tests/unit/EntityExtractor/ExtractionJobTest.php" line="285" class="SagaManager\Tests\Unit\EntityExtractor\ExtractionJobTest" classname="SagaManager.Tests.Unit.EntityExtractor.ExtractionJobTest" assertions="2" time="0.726687"/>
        <testcase name="test_creates_from_array" file="/app/tests/unit/EntityExtractor/ExtractionJobTest.php" line="320" class="SagaManager\Tests\Unit\EntityExtractor\ExtractionJobTest" classname="SagaManager.Tests.Unit.EntityExtractor.ExtractionJobTest" assertions="9" time="0.674598"/>
        <testcase name="test_converts_to_array" file="/app/tests/unit/EntityExtractor/ExtractionJobTest.php" line="365" class="SagaManager\Tests\Unit\EntityExtractor\ExtractionJobTest" classname="SagaManager.Tests.Unit.EntityExtractor.ExtractionJobTest" assertions="11" time="0.725494"/>
        <testcase name="test_calculates_progress_percentage" file="/app/tests/unit/EntityExtractor/ExtractionJobTest.php" line="412" class="SagaManager\Tests\Unit\EntityExtractor\ExtractionJobTest" classname="SagaManager.Tests.Unit.EntityExtractor.ExtractionJobTest" assertions="1" time="0.508170"/>
        <testcase name="test_calculates_100_percent_progress" file="/app/tests/unit/EntityExtractor/ExtractionJobTest.php" line="446" class="SagaManager\Tests\Unit\EntityExtractor\ExtractionJobTest" classname="SagaManager.Tests.Unit.EntityExtractor.ExtractionJobTest" assertions="1" time="0.679690"/>
        <testcase name="test_calculates_acceptance_rate" file="/app/tests/unit/EntityExtractor/ExtractionJobTest.php" line="480" class="SagaManager\Tests\Unit\EntityExtractor\ExtractionJobTest" classname="SagaManager.Tests.Unit.EntityExtractor.ExtractionJobTest" assertions="1" time="0.517408"/>
        <testcase name="test_calculates_zero_acceptance_rate_with_no_entities" file="/app/tests/unit/EntityExtractor/ExtractionJobTest.php" line="514" class="SagaManager\Tests\Unit\EntityExtractor\ExtractionJobTest" classname="SagaManager.Tests.Unit.EntityExtractor.ExtractionJobTest" assertions="1" time="0.626381"/>
        <testcase name="test_gets_text_length" file="/app/tests/unit/EntityExtractor/ExtractionJobTest.php" line="548" class="SagaManager\Tests\Unit\EntityExtractor\ExtractionJobTest" classname="SagaManager.Tests.Unit.EntityExtractor.ExtractionJobTest" assertions="1" time="0.499424"/>
        <testcase name="test_calculates_cost_per_entity" file="/app/tests/unit/EntityExtractor/ExtractionJobTest.php" line="583" class="SagaManager\Tests\Unit\EntityExtractor\ExtractionJobTest" classname="SagaManager.Tests.Unit.EntityExtractor.ExtractionJobTest" assertions="1" time="0.715935"/>
        <testcase name="test_cost_per_entity_returns_null_when_no_cost" file="/app/tests/unit/EntityExtractor/ExtractionJobTest.php" line="617" class="SagaManager\Tests\Unit\EntityExtractor\ExtractionJobTest" classname="SagaManager.Tests.Unit.EntityExtractor.ExtractionJobTest" assertions="1" time="0.662682"/>
        <testcase name="test_is_complete" file="/app/tests/unit/EntityExtractor/ExtractionJobTest.php" line="651" class="SagaManager\Tests\Unit\EntityExtractor\ExtractionJobTest" classname="SagaManager.Tests.Unit.EntityExtractor.ExtractionJobTest" assertions="5" time="0.463778"/>
        <testcase name="test_is_successful" file="/app/tests/unit/EntityExtractor/ExtractionJobTest.php" line="699" class="SagaManager\Tests\Unit\EntityExtractor\ExtractionJobTest" classname="SagaManager.Tests.Unit.EntityExtractor.ExtractionJobTest" assertions="2" time="0.513052"/>
        <testcase name="test_with_status_creates_new_instance" file="/app/tests/unit/EntityExtractor/ExtractionJobTest.php" line="760" class="SagaManager\Tests\Unit\EntityExtractor\ExtractionJobTest" classname="SagaManager.Tests.Unit.EntityExtractor.ExtractionJobTest" assertions="4" time="0.640868"/>
        <testcase name="test_with_progress_creates_new_instance" file="/app/tests/unit/EntityExtractor/ExtractionJobTest.php" line="799" class="SagaManager\Tests\Unit\EntityExtractor\ExtractionJobTest" classname="SagaManager.Tests.Unit.EntityExtractor.ExtractionJobTest" assertions="4" time="0.613703"/>
        <testcase name="test_gets_processing_duration" file="/app/tests/unit/EntityExtractor/ExtractionJobTest.php" line="838" class="SagaManager\Tests\Unit\EntityExtractor\ExtractionJobTest" classname="SagaManager.Tests.Unit.EntityExtractor.ExtractionJobTest" assertions="4" time="0.542232"/>
        <testcase name="test_processing_duration_null_when_not_started" file="/app/tests/unit/EntityExtractor/ExtractionJobTest.php" line="877" class="SagaManager\Tests\Unit\EntityExtractor\ExtractionJobTest" classname="SagaManager.Tests.Unit.EntityExtractor.ExtractionJobTest" assertions="1" time="0.604153"/>
        <testcase name="test_job_status_enum_methods" file="/app/tests/unit/EntityExtractor/ExtractionJobTest.php" line="911" class="SagaManager\Tests\Unit\EntityExtractor\ExtractionJobTest" classname="SagaManager.Tests.Unit.EntityExtractor.ExtractionJobTest" assertions="8" time="0.507539"/>
      </testsuite>
      <testsuite name="SagaManager\Tests\Unit\PredictiveRelationships\RelationshipSuggestionTest" file="/app/tests/unit/PredictiveRelationships/RelationshipSuggestionTest.php" tests="13" assertions="46" errors="0" failures="0" skipped="0" time="7.123121">
        <testcase name="test_can_create_relationship_suggestion" file="/app/tests/unit/PredictiveRelationships/RelationshipSuggestionTest.php" line="21" class="SagaManager\Tests\Unit\PredictiveRelationships\RelationshipSuggestionTest" classname="SagaManager.Tests.Unit.PredictiveRelationships.RelationshipSuggestionTest" assertions="4" time="0.555231"/>
        <testcase name="test_validates_confidence_score_range" file="/app/tests/unit/PredictiveRelationships/RelationshipSuggestionTest.php" line="53" class="SagaManager\Tests\Unit\PredictiveRelationships\RelationshipSuggestionTest" classname="SagaManager.Tests.Unit.PredictiveRelationships.RelationshipSuggestionTest" assertions="2" time="0.495198"/>
        <testcase name="test_validates_strength_range" file="/app/tests/unit/PredictiveRelationships/RelationshipSuggestionTest.php" line="70" class="SagaManager\Tests\Unit\PredictiveRelationships\RelationshipSuggestionTest" classname="SagaManager.Tests.Unit.PredictiveRelationships.RelationshipSuggestionTest" assertions="1" time="0.578229"/>
        <testcase name="test_validates_no_self_relationship" file="/app/tests/unit/PredictiveRelationships/RelationshipSuggestionTest.php" line="86" class="SagaManager\Tests\Unit\PredictiveRelationships\RelationshipSuggestionTest" classname="SagaManager.Tests.Unit.PredictiveRelationships.RelationshipSuggestionTest" assertions="2" time="0.499718"/>
        <testcase name="test_get_confidence_level" file="/app/tests/unit/PredictiveRelationships/RelationshipSuggestionTest.php" line="103" class="SagaManager\Tests\Unit\PredictiveRelationships\RelationshipSuggestionTest" classname="SagaManager.Tests.Unit.PredictiveRelationships.RelationshipSuggestionTest" assertions="4" time="0.526961"/>
        <testcase name="test_accept_changes_status" file="/app/tests/unit/PredictiveRelationships/RelationshipSuggestionTest.php" line="155" class="SagaManager\Tests\Unit\PredictiveRelationships\RelationshipSuggestionTest" classname="SagaManager.Tests.Unit.PredictiveRelationships.RelationshipSuggestionTest" assertions="6" time="0.535858"/>
        <testcase name="test_reject_changes_status" file="/app/tests/unit/PredictiveRelationships/RelationshipSuggestionTest.php" line="180" class="SagaManager\Tests\Unit\PredictiveRelationships\RelationshipSuggestionTest" classname="SagaManager.Tests.Unit.PredictiveRelationships.RelationshipSuggestionTest" assertions="5" time="0.517426"/>
        <testcase name="test_modify_changes_status" file="/app/tests/unit/PredictiveRelationships/RelationshipSuggestionTest.php" line="202" class="SagaManager\Tests\Unit\PredictiveRelationships\RelationshipSuggestionTest" classname="SagaManager.Tests.Unit.PredictiveRelationships.RelationshipSuggestionTest" assertions="5" time="0.569826"/>
        <testcase name="test_calculate_priority_score" file="/app/tests/unit/PredictiveRelationships/RelationshipSuggestionTest.php" line="224" class="SagaManager\Tests\Unit\PredictiveRelationships\RelationshipSuggestionTest" classname="SagaManager.Tests.Unit.PredictiveRelationships.RelationshipSuggestionTest" assertions="3" time="0.509936"/>
        <testcase name="test_should_auto_accept" file="/app/tests/unit/PredictiveRelationships/RelationshipSuggestionTest.php" line="244" class="SagaManager\Tests\Unit\PredictiveRelationships\RelationshipSuggestionTest" classname="SagaManager.Tests.Unit.PredictiveRelationships.RelationshipSuggestionTest" assertions="2" time="0.549016"/>
        <testcase name="test_is_pending" file="/app/tests/unit/PredictiveRelationships/RelationshipSuggestionTest.php" line="272" class="SagaManager\Tests\Unit\PredictiveRelationships\RelationshipSuggestionTest" classname="SagaManager.Tests.Unit.PredictiveRelationships.RelationshipSuggestionTest" assertions="2" time="0.496784"/>
        <testcase name="test_converts_to_array" file="/app/tests/unit/PredictiveRelationships/RelationshipSuggestionTest.php" line="300" class="SagaManager\Tests\Unit\PredictiveRelationships\RelationshipSuggestionTest" classname="SagaManager.Tests.Unit.PredictiveRelationships.RelationshipSuggestionTest" assertions="6" time="0.756955"/>
        <testcase name="test_creates_from_array" file="/app/tests/unit/PredictiveRelationships/RelationshipSuggestionTest.php" line="323" class="SagaManager\Tests\Unit\PredictiveRelationships\RelationshipSuggestionTest" classname="SagaManager.Tests.Unit.PredictiveRelationships.RelationshipSuggestionTest" assertions="4" time="0.531984"/>
      </testsuite>
      <testsuite name="SagaManager\Tests\Unit\PredictiveRelationships\SuggestionFeatureTest" file="/app/tests/unit/PredictiveRelationships/SuggestionFeatureTest.php" tests="18" assertions="51" errors="0" failures="0" skipped="0" time="10.334747">
        <testcase name="test_can_create_suggestion_feature" file="/app/tests/unit/PredictiveRelationships/SuggestionFeatureTest.php" line="19" class="SagaManager\Tests\Unit\PredictiveRelationships\SuggestionFeatureTest" classname="SagaManager.Tests.Unit.PredictiveRelationships.SuggestionFeatureTest" assertions="4" time="0.542947"/>
        <testcase name="test_validates_feature_value_range_minimum" file="/app/tests/unit/PredictiveRelationships/SuggestionFeatureTest.php" line="38" class="SagaManager\Tests\Unit\PredictiveRelationships\SuggestionFeatureTest" classname="SagaManager.Tests.Unit.PredictiveRelationships.SuggestionFeatureTest" assertions="2" time="0.557891"/>
        <testcase name="test_validates_feature_value_range_maximum" file="/app/tests/unit/PredictiveRelationships/SuggestionFeatureTest.php" line="55" class="SagaManager\Tests\Unit\PredictiveRelationships\SuggestionFeatureTest" classname="SagaManager.Tests.Unit.PredictiveRelationships.SuggestionFeatureTest" assertions="1" time="0.655284"/>
        <testcase name="test_validates_weight_range" file="/app/tests/unit/PredictiveRelationships/SuggestionFeatureTest.php" line="71" class="SagaManager\Tests\Unit\PredictiveRelationships\SuggestionFeatureTest" classname="SagaManager.Tests.Unit.PredictiveRelationships.SuggestionFeatureTest" assertions="2" time="0.519084"/>
        <testcase name="test_get_weighted_value" file="/app/tests/unit/PredictiveRelationships/SuggestionFeatureTest.php" line="88" class="SagaManager\Tests\Unit\PredictiveRelationships\SuggestionFeatureTest" classname="SagaManager.Tests.Unit.PredictiveRelationships.SuggestionFeatureTest" assertions="1" time="0.516592"/>
        <testcase name="test_get_strength_label" file="/app/tests/unit/PredictiveRelationships/SuggestionFeatureTest.php" line="107" class="SagaManager\Tests\Unit\PredictiveRelationships\SuggestionFeatureTest" classname="SagaManager.Tests.Unit.PredictiveRelationships.SuggestionFeatureTest" assertions="4" time="0.521839"/>
        <testcase name="test_with_weight_creates_new_instance" file="/app/tests/unit/PredictiveRelationships/SuggestionFeatureTest.php" line="139" class="SagaManager\Tests\Unit\PredictiveRelationships\SuggestionFeatureTest" classname="SagaManager.Tests.Unit.PredictiveRelationships.SuggestionFeatureTest" assertions="4" time="0.748783"/>
        <testcase name="test_with_weight_validates_range" file="/app/tests/unit/PredictiveRelationships/SuggestionFeatureTest.php" line="160" class="SagaManager\Tests\Unit\PredictiveRelationships\SuggestionFeatureTest" classname="SagaManager.Tests.Unit.PredictiveRelationships.SuggestionFeatureTest" assertions="1" time="0.539967"/>
        <testcase name="test_get_contribution" file="/app/tests/unit/PredictiveRelationships/SuggestionFeatureTest.php" line="172" class="SagaManager\Tests\Unit\PredictiveRelationships\SuggestionFeatureTest" classname="SagaManager.Tests.Unit.PredictiveRelationships.SuggestionFeatureTest" assertions="1" time="0.652856"/>
        <testcase name="test_get_contribution_with_zero_total" file="/app/tests/unit/PredictiveRelationships/SuggestionFeatureTest.php" line="192" class="SagaManager\Tests\Unit\PredictiveRelationships\SuggestionFeatureTest" classname="SagaManager.Tests.Unit.PredictiveRelationships.SuggestionFeatureTest" assertions="1" time="0.507107"/>
        <testcase name="test_is_high_value" file="/app/tests/unit/PredictiveRelationships/SuggestionFeatureTest.php" line="205" class="SagaManager\Tests\Unit\PredictiveRelationships\SuggestionFeatureTest" classname="SagaManager.Tests.Unit.PredictiveRelationships.SuggestionFeatureTest" assertions="2" time="0.692115"/>
        <testcase name="test_create_normalized" file="/app/tests/unit/PredictiveRelationships/SuggestionFeatureTest.php" line="223" class="SagaManager\Tests\Unit\PredictiveRelationships\SuggestionFeatureTest" classname="SagaManager.Tests.Unit.PredictiveRelationships.SuggestionFeatureTest" assertions="3" time="0.516083"/>
        <testcase name="test_create_normalized_with_custom_weight" file="/app/tests/unit/PredictiveRelationships/SuggestionFeatureTest.php" line="241" class="SagaManager\Tests\Unit\PredictiveRelationships\SuggestionFeatureTest" classname="SagaManager.Tests.Unit.PredictiveRelationships.SuggestionFeatureTest" assertions="2" time="0.550179"/>
        <testcase name="test_create_normalized_clamps_to_range" file="/app/tests/unit/PredictiveRelationships/SuggestionFeatureTest.php" line="258" class="SagaManager\Tests\Unit\PredictiveRelationships\SuggestionFeatureTest" classname="SagaManager.Tests.Unit.PredictiveRelationships.SuggestionFeatureTest" assertions="2" time="0.547064"/>
        <testcase name="test_converts_to_array" file="/app/tests/unit/PredictiveRelationships/SuggestionFeatureTest.php" line="286" class="SagaManager\Tests\Unit\PredictiveRelationships\SuggestionFeatureTest" classname="SagaManager.Tests.Unit.PredictiveRelationships.SuggestionFeatureTest" assertions="7" time="0.669354"/>
        <testcase name="test_creates_from_array" file="/app/tests/unit/PredictiveRelationships/SuggestionFeatureTest.php" line="310" class="SagaManager\Tests\Unit\PredictiveRelationships\SuggestionFeatureTest" classname="SagaManager.Tests.Unit.PredictiveRelationships.SuggestionFeatureTest" assertions="4" time="0.504486"/>
        <testcase name="test_feature_type_descriptions" file="/app/tests/unit/PredictiveRelationships/SuggestionFeatureTest.php" line="331" class="SagaManager\Tests\Unit\PredictiveRelationships\SuggestionFeatureTest" classname="SagaManager.Tests.Unit.PredictiveRelationships.SuggestionFeatureTest" assertions="3" time="0.573418"/>
        <testcase name="test_feature_type_default_weights" file="/app/tests/unit/PredictiveRelationships/SuggestionFeatureTest.php" line="338" class="SagaManager\Tests\Unit\PredictiveRelationships\SuggestionFeatureTest" classname="SagaManager.Tests.Unit.PredictiveRelationships.SuggestionFeatureTest" assertions="7" time="0.519698"/>
      </testsuite>
      <testsuite name="SagaManager\Tests\Unit\SummaryGenerator\GeneratedSummaryTest" file="/app/tests/unit/SummaryGenerator/GeneratedSummaryTest.php" tests="16" assertions="50" errors="0" failures="0" skipped="0" time="9.818601">
        <testcase name="test_can_create_generated_summary" file="/app/tests/unit/SummaryGenerator/GeneratedSummaryTest.php" line="22" class="SagaManager\Tests\Unit\SummaryGenerator\GeneratedSummaryTest" classname="SagaManager.Tests.Unit.SummaryGenerator.GeneratedSummaryTest" assertions="6" time="0.653908"/>
        <testcase name="test_validates_title_not_empty" file="/app/tests/unit/SummaryGenerator/GeneratedSummaryTest.php" line="58" class="SagaManager\Tests\Unit\SummaryGenerator\GeneratedSummaryTest" classname="SagaManager.Tests.Unit.SummaryGenerator.GeneratedSummaryTest" assertions="2" time="0.669388"/>
        <testcase name="test_validates_summary_text_not_empty" file="/app/tests/unit/SummaryGenerator/GeneratedSummaryTest.php" line="90" class="SagaManager\Tests\Unit\SummaryGenerator\GeneratedSummaryTest" classname="SagaManager.Tests.Unit.SummaryGenerator.GeneratedSummaryTest" assertions="2" time="0.530405"/>
        <testcase name="test_validates_quality_score_range" file="/app/tests/unit/SummaryGenerator/GeneratedSummaryTest.php" line="122" class="SagaManager\Tests\Unit\SummaryGenerator\GeneratedSummaryTest" classname="SagaManager.Tests.Unit.SummaryGenerator.GeneratedSummaryTest" assertions="2" time="0.613082"/>
        <testcase name="test_validates_version_minimum" file="/app/tests/unit/SummaryGenerator/GeneratedSummaryTest.php" line="154" class="SagaManager\Tests\Unit\SummaryGenerator\GeneratedSummaryTest" classname="SagaManager.Tests.Unit.SummaryGenerator.GeneratedSummaryTest" assertions="2" time="0.544504"/>
        <testcase name="test_calculates_word_count" file="/app/tests/unit/SummaryGenerator/GeneratedSummaryTest.php" line="186" class="SagaManager\Tests\Unit\SummaryGenerator\GeneratedSummaryTest" classname="SagaManager.Tests.Unit.SummaryGenerator.GeneratedSummaryTest" assertions="1" time="0.546170"/>
        <testcase name="test_calculates_readability_score" file="/app/tests/unit/SummaryGenerator/GeneratedSummaryTest.php" line="197" class="SagaManager\Tests\Unit\SummaryGenerator\GeneratedSummaryTest" classname="SagaManager.Tests.Unit.SummaryGenerator.GeneratedSummaryTest" assertions="5" time="0.507514"/>
        <testcase name="test_generates_cache_key" file="/app/tests/unit/SummaryGenerator/GeneratedSummaryTest.php" line="210" class="SagaManager\Tests\Unit\SummaryGenerator\GeneratedSummaryTest" classname="SagaManager.Tests.Unit.SummaryGenerator.GeneratedSummaryTest" assertions="3" time="0.780265"/>
        <testcase name="test_creates_new_version" file="/app/tests/unit/SummaryGenerator/GeneratedSummaryTest.php" line="241" class="SagaManager\Tests\Unit\SummaryGenerator\GeneratedSummaryTest" classname="SagaManager.Tests.Unit.SummaryGenerator.GeneratedSummaryTest" assertions="5" time="0.496620"/>
        <testcase name="test_marks_as_old_version" file="/app/tests/unit/SummaryGenerator/GeneratedSummaryTest.php" line="278" class="SagaManager\Tests\Unit\SummaryGenerator\GeneratedSummaryTest" classname="SagaManager.Tests.Unit.SummaryGenerator.GeneratedSummaryTest" assertions="2" time="0.708472"/>
        <testcase name="test_updates_cache_expiration" file="/app/tests/unit/SummaryGenerator/GeneratedSummaryTest.php" line="313" class="SagaManager\Tests\Unit\SummaryGenerator\GeneratedSummaryTest" classname="SagaManager.Tests.Unit.SummaryGenerator.GeneratedSummaryTest" assertions="2" time="0.538974"/>
        <testcase name="test_checks_cache_expiration" file="/app/tests/unit/SummaryGenerator/GeneratedSummaryTest.php" line="348" class="SagaManager\Tests\Unit\SummaryGenerator\GeneratedSummaryTest" classname="SagaManager.Tests.Unit.SummaryGenerator.GeneratedSummaryTest" assertions="2" time="0.854266"/>
        <testcase name="test_gets_quality_label" file="/app/tests/unit/SummaryGenerator/GeneratedSummaryTest.php" line="403" class="SagaManager\Tests\Unit\SummaryGenerator\GeneratedSummaryTest" classname="SagaManager.Tests.Unit.SummaryGenerator.GeneratedSummaryTest" assertions="2" time="0.504653"/>
        <testcase name="test_detects_source_references" file="/app/tests/unit/SummaryGenerator/GeneratedSummaryTest.php" line="459" class="SagaManager\Tests\Unit\SummaryGenerator\GeneratedSummaryTest" classname="SagaManager.Tests.Unit.SummaryGenerator.GeneratedSummaryTest" assertions="4" time="0.790710"/>
        <testcase name="test_extracts_key_points" file="/app/tests/unit/SummaryGenerator/GeneratedSummaryTest.php" line="519" class="SagaManager\Tests\Unit\SummaryGenerator\GeneratedSummaryTest" classname="SagaManager.Tests.Unit.SummaryGenerator.GeneratedSummaryTest" assertions="2" time="0.511452"/>
        <testcase name="test_converts_to_array" file="/app/tests/unit/SummaryGenerator/GeneratedSummaryTest.php" line="531" class="SagaManager\Tests\Unit\SummaryGenerator\GeneratedSummaryTest" classname="SagaManager.Tests.Unit.SummaryGenerator.GeneratedSummaryTest" assertions="8" time="0.568216"/>
      </testsuite>
      <testsuite name="SagaManager\Tests\Unit\SummaryGenerator\SummaryRequestTest" file="/app/tests/unit/SummaryGenerator/SummaryRequestTest.php" tests="16" assertions="56" errors="0" failures="0" skipped="0" time="9.544175">
        <testcase name="test_can_create_summary_request" file="/app/tests/unit/SummaryGenerator/SummaryRequestTest.php" line="25" class="SagaManager\Tests\Unit\SummaryGenerator\SummaryRequestTest" classname="SagaManager.Tests.Unit.SummaryGenerator.SummaryRequestTest" assertions="8" time="0.507157"/>
        <testcase name="test_validates_priority_range" file="/app/tests/unit/SummaryGenerator/SummaryRequestTest.php" line="54" class="SagaManager\Tests\Unit\SummaryGenerator\SummaryRequestTest" classname="SagaManager.Tests.Unit.SummaryGenerator.SummaryRequestTest" assertions="2" time="0.668297"/>
        <testcase name="test_validates_retry_count" file="/app/tests/unit/SummaryGenerator/SummaryRequestTest.php" line="77" class="SagaManager\Tests\Unit\SummaryGenerator\SummaryRequestTest" classname="SagaManager.Tests.Unit.SummaryGenerator.SummaryRequestTest" assertions="2" time="0.540604"/>
        <testcase name="test_validates_entity_requirement_for_character_arc" file="/app/tests/unit/SummaryGenerator/SummaryRequestTest.php" line="101" class="SagaManager\Tests\Unit\SummaryGenerator\SummaryRequestTest" classname="SagaManager.Tests.Unit.SummaryGenerator.SummaryRequestTest" assertions="2" time="0.769181"/>
        <testcase name="test_can_transition_to_generating_status" file="/app/tests/unit/SummaryGenerator/SummaryRequestTest.php" line="124" class="SagaManager\Tests\Unit\SummaryGenerator\SummaryRequestTest" classname="SagaManager.Tests.Unit.SummaryGenerator.SummaryRequestTest" assertions="3" time="0.791302"/>
        <testcase name="test_can_transition_to_completed_status" file="/app/tests/unit/SummaryGenerator/SummaryRequestTest.php" line="151" class="SagaManager\Tests\Unit\SummaryGenerator\SummaryRequestTest" classname="SagaManager.Tests.Unit.SummaryGenerator.SummaryRequestTest" assertions="4" time="0.512668"/>
        <testcase name="test_cannot_change_from_final_status" file="/app/tests/unit/SummaryGenerator/SummaryRequestTest.php" line="180" class="SagaManager\Tests\Unit\SummaryGenerator\SummaryRequestTest" classname="SagaManager.Tests.Unit.SummaryGenerator.SummaryRequestTest" assertions="2" time="0.568615"/>
        <testcase name="test_can_mark_as_failed_with_error" file="/app/tests/unit/SummaryGenerator/SummaryRequestTest.php" line="205" class="SagaManager\Tests\Unit\SummaryGenerator\SummaryRequestTest" classname="SagaManager.Tests.Unit.SummaryGenerator.SummaryRequestTest" assertions="4" time="0.524396"/>
        <testcase name="test_can_increment_retry_count" file="/app/tests/unit/SummaryGenerator/SummaryRequestTest.php" line="235" class="SagaManager\Tests\Unit\SummaryGenerator\SummaryRequestTest" classname="SagaManager.Tests.Unit.SummaryGenerator.SummaryRequestTest" assertions="3" time="0.525584"/>
        <testcase name="test_cannot_retry_beyond_maximum" file="/app/tests/unit/SummaryGenerator/SummaryRequestTest.php" line="263" class="SagaManager\Tests\Unit\SummaryGenerator\SummaryRequestTest" classname="SagaManager.Tests.Unit.SummaryGenerator.SummaryRequestTest" assertions="2" time="0.543282"/>
        <testcase name="test_can_track_token_usage" file="/app/tests/unit/SummaryGenerator/SummaryRequestTest.php" line="289" class="SagaManager\Tests\Unit\SummaryGenerator\SummaryRequestTest" classname="SagaManager.Tests.Unit.SummaryGenerator.SummaryRequestTest" assertions="3" time="0.761637"/>
        <testcase name="test_can_estimate_tokens" file="/app/tests/unit/SummaryGenerator/SummaryRequestTest.php" line="315" class="SagaManager\Tests\Unit\SummaryGenerator\SummaryRequestTest" classname="SagaManager.Tests.Unit.SummaryGenerator.SummaryRequestTest" assertions="3" time="0.573748"/>
        <testcase name="test_can_check_retry_eligibility" file="/app/tests/unit/SummaryGenerator/SummaryRequestTest.php" line="342" class="SagaManager\Tests\Unit\SummaryGenerator\SummaryRequestTest" classname="SagaManager.Tests.Unit.SummaryGenerator.SummaryRequestTest" assertions="2" time="0.709994"/>
        <testcase name="test_calculates_progress_percentage" file="/app/tests/unit/SummaryGenerator/SummaryRequestTest.php" line="381" class="SagaManager\Tests\Unit\SummaryGenerator\SummaryRequestTest" classname="SagaManager.Tests.Unit.SummaryGenerator.SummaryRequestTest" assertions="3" time="0.466582"/>
        <testcase name="test_converts_to_array" file="/app/tests/unit/SummaryGenerator/SummaryRequestTest.php" line="409" class="SagaManager\Tests\Unit\SummaryGenerator\SummaryRequestTest" classname="SagaManager.Tests.Unit.SummaryGenerator.SummaryRequestTest" assertions="9" time="0.602537"/>
        <testcase name="test_creates_from_database_row" file="/app/tests/unit/SummaryGenerator/SummaryRequestTest.php" line="443" class="SagaManager\Tests\Unit\SummaryGenerator\SummaryRequestTest" classname="SagaManager.Tests.Unit.SummaryGenerator.SummaryRequestTest" assertions="4" time="0.478592"/>
      </testsuite>
    </testsuite>
    <testsuite name="integration" tests="39" assertions="211" errors="0" failures="0" skipped="0" time="27.451579">
      <testsuite name="SagaManager\Tests\Integration\ConsistencyGuardian\ConsistencyRepositoryTest" file="/app/tests/integration/ConsistencyGuardian/ConsistencyRepositoryTest.php" tests="12" assertions="46" errors="0" failures="0" skipped="0" time="9.377160">
        <testcase name="test_consistency_issues_table_exists" file="/app/tests/integration/ConsistencyGuardian/ConsistencyRepositoryTest.php" line="22" class="SagaManager\Tests\Integration\ConsistencyGuardian\ConsistencyRepositoryTest" classname="SagaManager.Tests.Integration.ConsistencyGuardian.ConsistencyRepositoryTest" assertions="15" time="0.682378"/>
        <testcase name="test_can_create_consistency_issue" file="/app/tests/integration/ConsistencyGuardian/ConsistencyRepositoryTest.php" line="47" class="SagaManager\Tests\Integration\ConsistencyGuardian\ConsistencyRepositoryTest" classname="SagaManager.Tests.Integration.ConsistencyGuardian.ConsistencyRepositoryTest" assertions="7" time="0.524049"/>
        <testcase name="test_can_retrieve_issues_by_saga" file="/app/tests/integration/ConsistencyGuardian/ConsistencyRepositoryTest.php" line="93" class="SagaManager\Tests\Integration\ConsistencyGuardian\ConsistencyRepositoryTest" classname="SagaManager.Tests.Integration.ConsistencyGuardian.ConsistencyRepositoryTest" assertions="1" time="0.596313"/>
        <testcase name="test_can_filter_by_status" file="/app/tests/integration/ConsistencyGuardian/ConsistencyRepositoryTest.php" line="115" class="SagaManager\Tests\Integration\ConsistencyGuardian\ConsistencyRepositoryTest" classname="SagaManager.Tests.Integration.ConsistencyGuardian.ConsistencyRepositoryTest" assertions="1" time="0.575442"/>
        <testcase name="test_can_filter_by_severity" file="/app/tests/integration/ConsistencyGuardian/ConsistencyRepositoryTest.php" line="138" class="SagaManager\Tests\Integration\ConsistencyGuardian\ConsistencyRepositoryTest" classname="SagaManager.Tests.Integration.ConsistencyGuardian.ConsistencyRepositoryTest" assertions="2" time="0.688615"/>
        <testcase name="test_can_update_issue_status" file="/app/tests/integration/ConsistencyGuardian/ConsistencyRepositoryTest.php" line="163" class="SagaManager\Tests\Integration\ConsistencyGuardian\ConsistencyRepositoryTest" classname="SagaManager.Tests.Integration.ConsistencyGuardian.ConsistencyRepositoryTest" assertions="4" time="0.712344"/>
        <testcase name="test_cascade_delete_when_saga_deleted" file="/app/tests/integration/ConsistencyGuardian/ConsistencyRepositoryTest.php" line="196" class="SagaManager\Tests\Integration\ConsistencyGuardian\ConsistencyRepositoryTest" classname="SagaManager.Tests.Integration.ConsistencyGuardian.ConsistencyRepositoryTest" assertions="1" time="0.551903"/>
        <testcase name="test_can_count_issues_by_type" file="/app/tests/integration/ConsistencyGuardian/ConsistencyRepositoryTest.php" line="222" class="SagaManager\Tests\Integration\ConsistencyGuardian\ConsistencyRepositoryTest" classname="SagaManager.Tests.Integration.ConsistencyGuardian.ConsistencyRepositoryTest" assertions="2" time="0.761884"/>
        <testcase name="test_wordpress_object_cache" file="/app/tests/integration/ConsistencyGuardian/ConsistencyRepositoryTest.php" line="250" class="SagaManager\Tests\Integration\ConsistencyGuardian\ConsistencyRepositoryTest" classname="SagaManager.Tests.Integration.ConsistencyGuardian.ConsistencyRepositoryTest" assertions="4" time="0.517367"/>
        <testcase name="test_calculates_statistics" file="/app/tests/integration/ConsistencyGuardian/ConsistencyRepositoryTest.php" line="284" class="SagaManager\Tests\Integration\ConsistencyGuardian\ConsistencyRepositoryTest" classname="SagaManager.Tests.Integration.ConsistencyGuardian.ConsistencyRepositoryTest" assertions="4" time="0.542626"/>
        <testcase name="test_orders_by_priority" file="/app/tests/integration/ConsistencyGuardian/ConsistencyRepositoryTest.php" line="315" class="SagaManager\Tests\Integration\ConsistencyGuardian\ConsistencyRepositoryTest" classname="SagaManager.Tests.Integration.ConsistencyGuardian.ConsistencyRepositoryTest" assertions="4" time="2.537759"/>
        <testcase name="test_searches_json_context" file="/app/tests/integration/ConsistencyGuardian/ConsistencyRepositoryTest.php" line="344" class="SagaManager\Tests\Integration\ConsistencyGuardian\ConsistencyRepositoryTest" classname="SagaManager.Tests.Integration.ConsistencyGuardian.ConsistencyRepositoryTest" assertions="1" time="0.686480"/>
      </testsuite>
      <testsuite name="SagaManager\Tests\Integration\EntityExtractor\ExtractionWorkflowTest" file="/app/tests/integration/EntityExtractor/ExtractionWorkflowTest.php" tests="8" assertions="37" errors="0" failures="0" skipped="0" time="5.504402">
        <testcase name="test_extraction_jobs_table_exists" file="/app/tests/integration/EntityExtractor/ExtractionWorkflowTest.php" line="22" class="SagaManager\Tests\Integration\EntityExtractor\ExtractionWorkflowTest" classname="SagaManager.Tests.Integration.EntityExtractor.ExtractionWorkflowTest" assertions="9" time="0.527643"/>
        <testcase name="test_extracted_entities_table_exists" file="/app/tests/integration/EntityExtractor/ExtractionWorkflowTest.php" line="34" class="SagaManager\Tests\Integration\EntityExtractor\ExtractionWorkflowTest" classname="SagaManager.Tests.Integration.EntityExtractor.ExtractionWorkflowTest" assertions="8" time="0.776173"/>
        <testcase name="test_complete_extraction_workflow" file="/app/tests/integration/EntityExtractor/ExtractionWorkflowTest.php" line="46" class="SagaManager\Tests\Integration\EntityExtractor\ExtractionWorkflowTest" classname="SagaManager.Tests.Integration.EntityExtractor.ExtractionWorkflowTest" assertions="8" time="0.661015"/>
        <testcase name="test_duplicate_detection" file="/app/tests/integration/EntityExtractor/ExtractionWorkflowTest.php" line="149" class="SagaManager\Tests\Integration\EntityExtractor\ExtractionWorkflowTest" classname="SagaManager.Tests.Integration.EntityExtractor.ExtractionWorkflowTest" assertions="3" time="0.810589"/>
        <testcase name="test_batch_entity_creation" file="/app/tests/integration/EntityExtractor/ExtractionWorkflowTest.php" line="195" class="SagaManager\Tests\Integration\EntityExtractor\ExtractionWorkflowTest" classname="SagaManager.Tests.Integration.EntityExtractor.ExtractionWorkflowTest" assertions="1" time="0.713181"/>
        <testcase name="test_extraction_job_statistics" file="/app/tests/integration/EntityExtractor/ExtractionWorkflowTest.php" line="244" class="SagaManager\Tests\Integration\EntityExtractor\ExtractionWorkflowTest" classname="SagaManager.Tests.Integration.EntityExtractor.ExtractionWorkflowTest" assertions="4" time="0.708301"/>
        <testcase name="test_feedback_recording" file="/app/tests/integration/EntityExtractor/ExtractionWorkflowTest.php" line="280" class="SagaManager\Tests\Integration\EntityExtractor\ExtractionWorkflowTest" classname="SagaManager.Tests.Integration.EntityExtractor.ExtractionWorkflowTest" assertions="3" time="0.633544"/>
        <testcase name="test_cascade_delete_extracted_entities" file="/app/tests/integration/EntityExtractor/ExtractionWorkflowTest.php" line="316" class="SagaManager\Tests\Integration\EntityExtractor\ExtractionWorkflowTest" classname="SagaManager.Tests.Integration.EntityExtractor.ExtractionWorkflowTest" assertions="1" time="0.673956"/>
      </testsuite>
      <testsuite name="SagaManager\Tests\Integration\PredictiveRelationships\FeatureExtractionTest" file="/app/tests/integration/PredictiveRelationships/FeatureExtractionTest.php" tests="6" assertions="43" errors="0" failures="0" skipped="0" time="3.619582">
        <testcase name="test_extract_co_occurrence_features" file="/app/tests/integration/PredictiveRelationships/FeatureExtractionTest.php" line="19" class="SagaManager\Tests\Integration\PredictiveRelationships\FeatureExtractionTest" classname="SagaManager.Tests.Integration.PredictiveRelationships.FeatureExtractionTest" assertions="4" time="0.548456"/>
        <testcase name="test_extract_timeline_proximity_features" file="/app/tests/integration/PredictiveRelationships/FeatureExtractionTest.php" line="52" class="SagaManager\Tests\Integration\PredictiveRelationships\FeatureExtractionTest" classname="SagaManager.Tests.Integration.PredictiveRelationships.FeatureExtractionTest" assertions="6" time="0.591012"/>
        <testcase name="test_extract_attribute_similarity_features" file="/app/tests/integration/PredictiveRelationships/FeatureExtractionTest.php" line="100" class="SagaManager\Tests\Integration\PredictiveRelationships\FeatureExtractionTest" classname="SagaManager.Tests.Integration.PredictiveRelationships.FeatureExtractionTest" assertions="1" time="0.680671"/>
        <testcase name="test_feature_normalization" file="/app/tests/integration/PredictiveRelationships/FeatureExtractionTest.php" line="161" class="SagaManager\Tests\Integration\PredictiveRelationships\FeatureExtractionTest" classname="SagaManager.Tests.Integration.PredictiveRelationships.FeatureExtractionTest" assertions="5" time="0.690938"/>
        <testcase name="test_combined_weighted_features" file="/app/tests/integration/PredictiveRelationships/FeatureExtractionTest.php" line="179" class="SagaManager\Tests\Integration\PredictiveRelationships\FeatureExtractionTest" classname="SagaManager.Tests.Integration.PredictiveRelationships.FeatureExtractionTest" assertions="2" time="0.559510"/>
        <testcase name="test_stores_features_for_suggestion" file="/app/tests/integration/PredictiveRelationships/FeatureExtractionTest.php" line="201" class="SagaManager\Tests\Integration\PredictiveRelationships\FeatureExtractionTest" classname="SagaManager.Tests.Integration.PredictiveRelationships.FeatureExtractionTest" assertions="25" time="0.548995"/>
      </testsuite>
      <testsuite name="SagaManager\Tests\Integration\PredictiveRelationships\PredictionWorkflowTest" file="/app/tests/integration/PredictiveRelationships/PredictionWorkflowTest.php" tests="5" assertions="17" errors="0" failures="0" skipped="0" time="3.082519">
        <testcase name="test_relationship_suggestions_table_exists" file="/app/tests/integration/PredictiveRelationships/PredictionWorkflowTest.php" line="19" class="SagaManager\Tests\Integration\PredictiveRelationships\PredictionWorkflowTest" classname="SagaManager.Tests.Integration.PredictiveRelationships.PredictionWorkflowTest" assertions="9" time="0.564887"/>
        <testcase name="test_suggestion_features_table_exists" file="/app/tests/integration/PredictiveRelationships/PredictionWorkflowTest.php" line="28" class="SagaManager\Tests\Integration\PredictiveRelationships\PredictionWorkflowTest" classname="SagaManager.Tests.Integration.PredictiveRelationships.PredictionWorkflowTest" assertions="1" time="0.526913"/>
        <testcase name="test_complete_prediction_workflow" file="/app/tests/integration/PredictiveRelationships/PredictionWorkflowTest.php" line="33" class="SagaManager\Tests\Integration\PredictiveRelationships\PredictionWorkflowTest" classname="SagaManager.Tests.Integration.PredictiveRelationships.PredictionWorkflowTest" assertions="1" time="0.763288"/>
        <testcase name="test_learning_from_feedback" file="/app/tests/integration/PredictiveRelationships/PredictionWorkflowTest.php" line="86" class="SagaManager\Tests\Integration\PredictiveRelationships\PredictionWorkflowTest" classname="SagaManager.Tests.Integration.PredictiveRelationships.PredictionWorkflowTest" assertions="3" time="0.543223"/>
        <testcase name="test_accuracy_metrics_calculation" file="/app/tests/integration/PredictiveRelationships/PredictionWorkflowTest.php" line="122" class="SagaManager\Tests\Integration\PredictiveRelationships\PredictionWorkflowTest" classname="SagaManager.Tests.Integration.PredictiveRelationships.PredictionWorkflowTest" assertions="3" time="0.684207"/>
      </testsuite>
      <testsuite name="SagaManager\Tests\Integration\SummaryGenerator\SummaryWorkflowTest" file="/app/tests/integration/SummaryGenerator/SummaryWorkflowTest.php" tests="8" assertions="68" errors="0" failures="0" skipped="0" time="5.867915">
        <testcase name="test_complete_summary_workflow" file="/app/tests/integration/SummaryGenerator/SummaryWorkflowTest.php" line="40" class="SagaManager\Tests\Integration\SummaryGenerator\SummaryWorkflowTest" classname="SagaManager.Tests.Integration.SummaryGenerator.SummaryWorkflowTest" assertions="14" time="0.657552"/>
        <testcase name="test_summary_storage_and_retrieval" file="/app/tests/integration/SummaryGenerator/SummaryWorkflowTest.php" line="98" class="SagaManager\Tests\Integration\SummaryGenerator\SummaryWorkflowTest" classname="SagaManager.Tests.Integration.SummaryGenerator.SummaryWorkflowTest" assertions="10" time="0.947220"/>
        <testcase name="test_finds_summaries_by_saga" file="/app/tests/integration/SummaryGenerator/SummaryWorkflowTest.php" line="163" class="SagaManager\Tests\Integration\SummaryGenerator\SummaryWorkflowTest" classname="SagaManager.Tests.Integration.SummaryGenerator.SummaryWorkflowTest" assertions="6" time="0.651985"/>
        <testcase name="test_finds_summary_by_cache_key" file="/app/tests/integration/SummaryGenerator/SummaryWorkflowTest.php" line="219" class="SagaManager\Tests\Integration\SummaryGenerator\SummaryWorkflowTest" classname="SagaManager.Tests.Integration.SummaryGenerator.SummaryWorkflowTest" assertions="7" time="0.704583"/>
        <testcase name="test_calculates_summary_statistics" file="/app/tests/integration/SummaryGenerator/SummaryWorkflowTest.php" line="273" class="SagaManager\Tests\Integration\SummaryGenerator\SummaryWorkflowTest" classname="SagaManager.Tests.Integration.SummaryGenerator.SummaryWorkflowTest" assertions="10" time="0.677591"/>
        <testcase name="test_manages_summary_versions" file="/app/tests/integration/SummaryGenerator/SummaryWorkflowTest.php" line="334" class="SagaManager\Tests\Integration\SummaryGenerator\SummaryWorkflowTest" classname="SagaManager.Tests.Integration.SummaryGenerator.SummaryWorkflowTest" assertions="8" time="0.850883"/>
        <testcase name="test_cascades_delete_on_saga_deletion" file="/app/tests/integration/SummaryGenerator/SummaryWorkflowTest.php" line="424" class="SagaManager\Tests\Integration\SummaryGenerator\SummaryWorkflowTest" classname="SagaManager.Tests.Integration.SummaryGenerator.SummaryWorkflowTest" assertions="6" time="0.683247"/>
        <testcase name="test_searches_summaries" file="/app/tests/integration/SummaryGenerator/SummaryWorkflowTest.php" line="472" class="SagaManager\Tests\Integration\SummaryGenerator\SummaryWorkflowTest" classname="SagaManager.Tests.Integration.SummaryGenerator.SummaryWorkflowTest" assertions="7" time="0.694855"/>
      </testsuite>
    </testsuite>
    <testsuite name="all" tests="166" assertions="639" errors="0" failures="0" skipped="0" time="103.457032">
      <testsuite name="SagaManager\Tests\Integration\ConsistencyGuardian\ConsistencyRepositoryTest" file="/app/tests/integration/ConsistencyGuardian/ConsistencyRepositoryTest.php" tests="12" assertions="46" errors="0" failures="0" skipped="0" time="9.747064">
        <testcase name="test_consistency_issues_table_exists" file="/app/tests/integration/ConsistencyGuardian/ConsistencyRepositoryTest.php" line="22" class="SagaManager\Tests\Integration\ConsistencyGuardian\ConsistencyRepositoryTest" classname="SagaManager.Tests.Integration.ConsistencyGuardian.ConsistencyRepositoryTest" assertions="15" time="0.758495"/>
        <testcase name="test_can_create_consistency_issue" file="/app/tests/integration/ConsistencyGuardian/ConsistencyRepositoryTest.php" line="47" class="SagaManager\Tests\Integration\ConsistencyGuardian\ConsistencyRepositoryTest" classname="SagaManager.Tests.Integration.ConsistencyGuardian.ConsistencyRepositoryTest" assertions="7" time="0.522350"/>
        <testcase name="test_can_retrieve_issues_by_saga" file="/app/tests/integration/ConsistencyGuardian/ConsistencyRepositoryTest.php" line="93" class="SagaManager\Tests\Integration\ConsistencyGuardian\ConsistencyRepositoryTest" classname="SagaManager.Tests.Integration.ConsistencyGuardian.ConsistencyRepositoryTest" assertions="1" time="0.731118"/>
        <testcase name="test_can_filter_by_status" file="/app/tests/integration/ConsistencyGuardian/ConsistencyRepositoryTest.php" line="115" class="SagaManager\Tests\Integration\ConsistencyGuardian\ConsistencyRepositoryTest" classname="SagaManager.Tests.Integration.ConsistencyGuardian.ConsistencyRepositoryTest" assertions="1" time="0.503202"/>
        <testcase name="test_can_filter_by_severity" file="/app/tests/integration/ConsistencyGuardian/ConsistencyRepositoryTest.php" line="138" class="SagaManager\Tests\Integration\ConsistencyGuardian\ConsistencyRepositoryTest" classname="SagaManager.Tests.Integration.ConsistencyGuardian.ConsistencyRepositoryTest" assertions="2" time="0.725271"/>
        <testcase name="test_can_update_issue_status" file="/app/tests/integration/ConsistencyGuardian/ConsistencyRepositoryTest.php" line="163" class="SagaManager\Tests\Integration\ConsistencyGuardian\ConsistencyRepositoryTest" classname="SagaManager.Tests.Integration.ConsistencyGuardian.ConsistencyRepositoryTest" assertions="4" time="0.679960"/>
        <testcase name="test_cascade_delete_when_saga_deleted" file="/app/tests/integration/ConsistencyGuardian/ConsistencyRepositoryTest.php" line="196" class="SagaManager\Tests\Integration\ConsistencyGuardian\ConsistencyRepositoryTest" classname="SagaManager.Tests.Integration.ConsistencyGuardian.ConsistencyRepositoryTest" assertions="1" time="0.760409"/>
        <testcase name="test_can_count_issues_by_type" file="/app/tests/integration/ConsistencyGuardian/ConsistencyRepositoryTest.php" line="222" class="SagaManager\Tests\Integration\ConsistencyGuardian\ConsistencyRepositoryTest" classname="SagaManager.Tests.Integration.ConsistencyGuardian.ConsistencyRepositoryTest" assertions="2" time="0.555834"/>
        <testcase name="test_wordpress_object_cache" file="/app/tests/integration/ConsistencyGuardian/ConsistencyRepositoryTest.php" line="250" class="SagaManager\Tests\Integration\ConsistencyGuardian\ConsistencyRepositoryTest" classname="SagaManager.Tests.Integration.ConsistencyGuardian.ConsistencyRepositoryTest" assertions="4" time="0.718665"/>
        <testcase name="test_calculates_statistics" file="/app/tests/integration/ConsistencyGuardian/ConsistencyRepositoryTest.php" line="284" class="SagaManager\Tests\Integration\ConsistencyGuardian\ConsistencyRepositoryTest" classname="SagaManager.Tests.Integration.ConsistencyGuardian.ConsistencyRepositoryTest" assertions="4" time="0.517286"/>
        <testcase name="test_orders_by_priority" file="/app/tests/integration/ConsistencyGuardian/ConsistencyRepositoryTest.php" line="315" class="SagaManager\Tests\Integration\ConsistencyGuardian\ConsistencyRepositoryTest" classname="SagaManager.Tests.Integration.ConsistencyGuardian.ConsistencyRepositoryTest" assertions="4" time="2.694625"/>
        <testcase name="test_searches_json_context" file="/app/tests/integration/ConsistencyGuardian/ConsistencyRepositoryTest.php" line="344" class="SagaManager\Tests\Integration\ConsistencyGuardian\ConsistencyRepositoryTest" classname="SagaManager.Tests.Integration.ConsistencyGuardian.ConsistencyRepositoryTest" assertions="1" time="0.579850"/>
      </testsuite>
      <testsuite name="SagaManager\Tests\Integration\EntityExtractor\ExtractionWorkflowTest" file="/app/tests/integration/EntityExtractor/ExtractionWorkflowTest.php" tests="8" assertions="37" errors="0" failures="0" skipped="0" time="5.414621">
        <testcase name="test_extraction_jobs_table_exists" file="/app/tests/integration/EntityExtractor/ExtractionWorkflowTest.php" line="22" class="SagaManager\Tests\Integration\EntityExtractor\ExtractionWorkflowTest" classname="SagaManager.Tests.Integration.EntityExtractor.ExtractionWorkflowTest" assertions="9" time="0.526707"/>
        <testcase name="test_extracted_entities_table_exists" file="/app/tests/integration/EntityExtractor/ExtractionWorkflowTest.php" line="34" class="SagaManager\Tests\Integration\EntityExtractor\ExtractionWorkflowTest" classname="SagaManager.Tests.Integration.EntityExtractor.ExtractionWorkflowTest" assertions="8" time="0.725996"/>
        <testcase name="test_complete_extraction_workflow" file="/app/tests/integration/EntityExtractor/ExtractionWorkflowTest.php" line="46" class="SagaManager\Tests\Integration\EntityExtractor\ExtractionWorkflowTest" classname="SagaManager.Tests.Integration.EntityExtractor.ExtractionWorkflowTest" assertions="8" time="0.702346"/>
        <testcase name="test_duplicate_detection" file="/app/tests/integration/EntityExtractor/ExtractionWorkflowTest.php" line="149" class="SagaManager\Tests\Integration\EntityExtractor\ExtractionWorkflowTest" classname="SagaManager.Tests.Integration.EntityExtractor.ExtractionWorkflowTest" assertions="3" time="0.693777"/>
        <testcase name="test_batch_entity_creation" file="/app/tests/integration/EntityExtractor/ExtractionWorkflowTest.php" line="195" class="SagaManager\Tests\Integration\EntityExtractor\ExtractionWorkflowTest" classname="SagaManager.Tests.Integration.EntityExtractor.ExtractionWorkflowTest" assertions="1" time="0.655021"/>
        <testcase name="test_extraction_job_statistics" file="/app/tests/integration/EntityExtractor/ExtractionWorkflowTest.php" line="244" class="SagaManager\Tests\Integration\EntityExtractor\ExtractionWorkflowTest" classname="SagaManager.Tests.Integration.EntityExtractor.ExtractionWorkflowTest" assertions="4" time="0.694648"/>
        <testcase name="test_feedback_recording" file="/app/tests/integration/EntityExtractor/ExtractionWorkflowTest.php" line="280" class="SagaManager\Tests\Integration\EntityExtractor\ExtractionWorkflowTest" classname="SagaManager.Tests.Integration.EntityExtractor.ExtractionWorkflowTest" assertions="3" time="0.645719"/>
        <testcase name="test_cascade_delete_extracted_entities" file="/app/tests/integration/EntityExtractor/ExtractionWorkflowTest.php" line="316" class="SagaManager\Tests\Integration\EntityExtractor\ExtractionWorkflowTest" classname="SagaManager.Tests.Integration.EntityExtractor.ExtractionWorkflowTest" assertions="1" time="0.770407"/>
      </testsuite>
      <testsuite name="SagaManager\Tests\Integration\PredictiveRelationships\FeatureExtractionTest" file="/app/tests/integration/PredictiveRelationships/FeatureExtractionTest.php" tests="6" assertions="43" errors="0" failures="0" skipped="0" time="3.373384">
        <testcase name="test_extract_co_occurrence_features" file="/app/tests/integration/PredictiveRelationships/FeatureExtractionTest.php" line="19" class="SagaManager\Tests\Integration\PredictiveRelationships\FeatureExtractionTest" classname="SagaManager.Tests.Integration.PredictiveRelationships.FeatureExtractionTest" assertions="4" time="0.558039"/>
        <testcase name="test_extract_timeline_proximity_features" file="/app/tests/integration/PredictiveRelationships/FeatureExtractionTest.php" line="52" class="SagaManager\Tests\Integration\PredictiveRelationships\FeatureExtractionTest" classname="SagaManager.Tests.Integration.PredictiveRelationships.FeatureExtractionTest" assertions="6" time="0.614606"/>
        <testcase name="test_extract_attribute_similarity_features" file="/app/tests/integration/PredictiveRelationships/FeatureExtractionTest.php" line="100" class="SagaManager\Tests\Integration\PredictiveRelationships\FeatureExtractionTest" classname="SagaManager.Tests.Integration.PredictiveRelationships.FeatureExtractionTest" assertions="1" time="0.539134"/>
        <testcase name="test_feature_normalization" file="/app/tests/integration/PredictiveRelationships/FeatureExtractionTest.php" line="161" class="SagaManager\Tests\Integration\PredictiveRelationships\FeatureExtractionTest" classname="SagaManager.Tests.Integration.PredictiveRelationships.FeatureExtractionTest" assertions="5" time="0.557315"/>
        <testcase name="test_combined_weighted_features" file="/app/tests/integration/PredictiveRelationships/FeatureExtractionTest.php" line="179" class="SagaManager\Tests\Integration\PredictiveRelationships\FeatureExtractionTest" classname="SagaManager.Tests.Integration.PredictiveRelationships.FeatureExtractionTest" assertions="2" time="0.513878"/>
        <testcase name="test_stores_features_for_suggestion" file="/app/tests/integration/PredictiveRelationships/FeatureExtractionTest.php" line="201" class="SagaManager\Tests\Integration\PredictiveRelationships\FeatureExtractionTest" classname="SagaManager.Tests.Integration.PredictiveRelationships.FeatureExtractionTest" assertions="25" time="0.590412"/>
      </testsuite>
      <testsuite name="SagaManager\Tests\Integration\PredictiveRelationships\PredictionWorkflowTest" file="/app/tests/integration/PredictiveRelationships/PredictionWorkflowTest.php" tests="5" assertions="17" errors="0" failures="0" skipped="0" time="2.805850">
        <testcase name="test_relationship_suggestions_table_exists" file="/app/tests/integration/PredictiveRelationships/PredictionWorkflowTest.php" line="19" class="SagaManager\Tests\Integration\PredictiveRelationships\PredictionWorkflowTest" classname="SagaManager.Tests.Integration.PredictiveRelationships.PredictionWorkflowTest" assertions="9" time="0.685524"/>
        <testcase name="test_suggestion_features_table_exists" file="/app/tests/integration/PredictiveRelationships/PredictionWorkflowTest.php" line="28" class="SagaManager\Tests\Integration\PredictiveRelationships\PredictionWorkflowTest" classname="SagaManager.Tests.Integration.PredictiveRelationships.PredictionWorkflowTest" assertions="1" time="0.464791"/>
        <testcase name="test_complete_prediction_workflow" file="/app/tests/integration/PredictiveRelationships/PredictionWorkflowTest.php" line="33" class="SagaManager\Tests\Integration\PredictiveRelationships\PredictionWorkflowTest" classname="SagaManager.Tests.Integration.PredictiveRelationships.PredictionWorkflowTest" assertions="1" time="0.621309"/>
        <testcase name="test_learning_from_feedback" file="/app/tests/integration/PredictiveRelationships/PredictionWorkflowTest.php" line="86" class="SagaManager\Tests\Integration\PredictiveRelationships\PredictionWorkflowTest" classname="SagaManager.Tests.Integration.PredictiveRelationships.PredictionWorkflowTest" assertions="3" time="0.500047"/>
        <testcase name="test_accuracy_metrics_calculation" file="/app/tests/integration/PredictiveRelationships/PredictionWorkflowTest.php" line="122" class="SagaManager\Tests\Integration\PredictiveRelationships\PredictionWorkflowTest" classname="SagaManager.Tests.Integration.PredictiveRelationships.PredictionWorkflowTest" assertions="3" time="0.534179"/>
      </testsuite>
      <testsuite name="SagaManager\Tests\Integration\SummaryGenerator\SummaryWorkflowTest" file="/app/tests/integration/SummaryGenerator/SummaryWorkflowTest.php" tests="8" assertions="68" errors="0" failures="0" skipped="0" time="5.125069">
        <testcase name="test_complete_summary_workflow" file="/app/tests/integration/SummaryGenerator/SummaryWorkflowTest.php" line="40" class="SagaManager\Tests\Integration\SummaryGenerator\SummaryWorkflowTest" classname="SagaManager.Tests.Integration.SummaryGenerator.SummaryWorkflowTest" assertions="14" time="0.542403"/>
        <testcase name="test_summary_storage_and_retrieval" file="/app/tests/integration/SummaryGenerator/SummaryWorkflowTest.php" line="98" class="SagaManager\Tests\Integration\SummaryGenerator\SummaryWorkflowTest" classname="SagaManager.Tests.Integration.SummaryGenerator.SummaryWorkflowTest" assertions="10" time="0.541580"/>
        <testcase name="test_finds_summaries_by_saga" file="/app/tests/integration/SummaryGenerator/SummaryWorkflowTest.php" line="163" class="SagaManager\Tests\Integration\SummaryGenerator\SummaryWorkflowTest" classname="SagaManager.Tests.Integration.SummaryGenerator.SummaryWorkflowTest" assertions="6" time="0.600881"/>
        <testcase name="test_finds_summary_by_cache_key" file="/app/tests/integration/SummaryGenerator/SummaryWorkflowTest.php" line="219" class="SagaManager\Tests\Integration\SummaryGenerator\SummaryWorkflowTest" classname="SagaManager.Tests.Integration.SummaryGenerator.SummaryWorkflowTest" assertions="7" time="0.636763"/>
        <testcase name="test_calculates_summary_statistics" file="/app/tests/integration/SummaryGenerator/SummaryWorkflowTest.php" line="273" class="SagaManager\Tests\Integration\SummaryGenerator\SummaryWorkflowTest" classname="SagaManager.Tests.Integration.SummaryGenerator.SummaryWorkflowTest" assertions="10" time="0.738149"/>
        <testcase name="test_manages_summary_versions" file="/app/tests/integration/SummaryGenerator/SummaryWorkflowTest.php" line="334" class="SagaManager\Tests\Integration\SummaryGenerator\SummaryWorkflowTest" classname="SagaManager.Tests.Integration.SummaryGenerator.SummaryWorkflowTest" assertions="8" time="0.700520"/>
        <testcase name="test_cascades_delete_on_saga_deletion" file="/app/tests/integration/SummaryGenerator/SummaryWorkflowTest.php" line="424" class="SagaManager\Tests\Integration\SummaryGenerator\SummaryWorkflowTest" classname="SagaManager.Tests.Integration.SummaryGenerator.SummaryWorkflowTest" assertions="6" time="0.651612"/>
        <testcase name="test_searches_summaries" file="/app/tests/integration/SummaryGenerator/SummaryWorkflowTest.php" line="472" class="SagaManager\Tests\Integration\SummaryGenerator\SummaryWorkflowTest" classname="SagaManager.Tests.Integration.SummaryGenerator.SummaryWorkflowTest" assertions="7" time="0.713161"/>
      </testsuite>
      <testsuite name="SagaManager\Tests\Unit\ConsistencyGuardian\ConsistencyIssueTest" file="/app/tests/unit/ConsistencyGuardian/ConsistencyIssueTest.php" tests="23" assertions="100" errors="0" failures="0" skipped="0" time="14.037347">
        <testcase name="test_can_create_consistency_issue" file="/app/tests/unit/ConsistencyGuardian/ConsistencyIssueTest.php" line="30" class="SagaManager\Tests\Unit\ConsistencyGuardian\ConsistencyIssueTest" classname="SagaManager.Tests.Unit.ConsistencyGuardian.ConsistencyIssueTest" assertions="15" time="0.519081"/>
        <testcase name="test_validates_issue_type" file="/app/tests/unit/ConsistencyGuardian/ConsistencyIssueTest.php" line="69" class="SagaManager\Tests\Unit\ConsistencyGuardian\ConsistencyIssueTest" classname="SagaManager.Tests.Unit.ConsistencyGuardian.ConsistencyIssueTest" assertions="2" time="0.771100"/>
        <testcase name="test_accepts_valid_issue_types" file="/app/tests/unit/ConsistencyGuardian/ConsistencyIssueTest.php" line="90" class="SagaManager\Tests\Unit\ConsistencyGuardian\ConsistencyIssueTest" classname="SagaManager.Tests.Unit.ConsistencyGuardian.ConsistencyIssueTest" assertions="5" time="0.735035"/>
        <testcase name="test_validates_severity_range" file="/app/tests/unit/ConsistencyGuardian/ConsistencyIssueTest.php" line="114" class="SagaManager\Tests\Unit\ConsistencyGuardian\ConsistencyIssueTest" classname="SagaManager.Tests.Unit.ConsistencyGuardian.ConsistencyIssueTest" assertions="2" time="0.541206"/>
        <testcase name="test_accepts_valid_severity_levels" file="/app/tests/unit/ConsistencyGuardian/ConsistencyIssueTest.php" line="135" class="SagaManager\Tests\Unit\ConsistencyGuardian\ConsistencyIssueTest" classname="SagaManager.Tests.Unit.ConsistencyGuardian.ConsistencyIssueTest" assertions="5" time="0.714215"/>
        <testcase name="test_validates_status" file="/app/tests/unit/ConsistencyGuardian/ConsistencyIssueTest.php" line="159" class="SagaManager\Tests\Unit\ConsistencyGuardian\ConsistencyIssueTest" classname="SagaManager.Tests.Unit.ConsistencyGuardian.ConsistencyIssueTest" assertions="2" time="0.497269"/>
        <testcase name="test_accepts_valid_statuses" file="/app/tests/unit/ConsistencyGuardian/ConsistencyIssueTest.php" line="181" class="SagaManager\Tests\Unit\ConsistencyGuardian\ConsistencyIssueTest" classname="SagaManager.Tests.Unit.ConsistencyGuardian.ConsistencyIssueTest" assertions="4" time="0.654911"/>
        <testcase name="test_validates_ai_confidence_range" file="/app/tests/unit/ConsistencyGuardian/ConsistencyIssueTest.php" line="206" class="SagaManager\Tests\Unit\ConsistencyGuardian\ConsistencyIssueTest" classname="SagaManager.Tests.Unit.ConsistencyGuardian.ConsistencyIssueTest" assertions="2" time="0.502423"/>
        <testcase name="test_validates_ai_confidence_negative" file="/app/tests/unit/ConsistencyGuardian/ConsistencyIssueTest.php" line="232" class="SagaManager\Tests\Unit\ConsistencyGuardian\ConsistencyIssueTest" classname="SagaManager.Tests.Unit.ConsistencyGuardian.ConsistencyIssueTest" assertions="1" time="0.765915"/>
        <testcase name="test_rounds_ai_confidence" file="/app/tests/unit/ConsistencyGuardian/ConsistencyIssueTest.php" line="257" class="SagaManager\Tests\Unit\ConsistencyGuardian\ConsistencyIssueTest" classname="SagaManager.Tests.Unit.ConsistencyGuardian.ConsistencyIssueTest" assertions="1" time="0.524086"/>
        <testcase name="test_accepts_null_ai_confidence" file="/app/tests/unit/ConsistencyGuardian/ConsistencyIssueTest.php" line="282" class="SagaManager\Tests\Unit\ConsistencyGuardian\ConsistencyIssueTest" classname="SagaManager.Tests.Unit.ConsistencyGuardian.ConsistencyIssueTest" assertions="1" time="0.616068"/>
        <testcase name="test_converts_to_array" file="/app/tests/unit/ConsistencyGuardian/ConsistencyIssueTest.php" line="307" class="SagaManager\Tests\Unit\ConsistencyGuardian\ConsistencyIssueTest" classname="SagaManager.Tests.Unit.ConsistencyGuardian.ConsistencyIssueTest" assertions="19" time="0.498999"/>
        <testcase name="test_creates_from_database_row" file="/app/tests/unit/ConsistencyGuardian/ConsistencyIssueTest.php" line="353" class="SagaManager\Tests\Unit\ConsistencyGuardian\ConsistencyIssueTest" classname="SagaManager.Tests.Unit.ConsistencyGuardian.ConsistencyIssueTest" assertions="9" time="0.697914"/>
        <testcase name="test_creates_from_database_object" file="/app/tests/unit/ConsistencyGuardian/ConsistencyIssueTest.php" line="388" class="SagaManager\Tests\Unit\ConsistencyGuardian\ConsistencyIssueTest" classname="SagaManager.Tests.Unit.ConsistencyGuardian.ConsistencyIssueTest" assertions="2" time="0.561992"/>
        <testcase name="test_resolve_creates_resolved_copy" file="/app/tests/unit/ConsistencyGuardian/ConsistencyIssueTest.php" line="416" class="SagaManager\Tests\Unit\ConsistencyGuardian\ConsistencyIssueTest" classname="SagaManager.Tests.Unit.ConsistencyGuardian.ConsistencyIssueTest" assertions="7" time="0.537914"/>
        <testcase name="test_dismiss_creates_dismissed_copy" file="/app/tests/unit/ConsistencyGuardian/ConsistencyIssueTest.php" line="448" class="SagaManager\Tests\Unit\ConsistencyGuardian\ConsistencyIssueTest" classname="SagaManager.Tests.Unit.ConsistencyGuardian.ConsistencyIssueTest" assertions="3" time="0.567788"/>
        <testcase name="test_dismiss_as_false_positive" file="/app/tests/unit/ConsistencyGuardian/ConsistencyIssueTest.php" line="474" class="SagaManager\Tests\Unit\ConsistencyGuardian\ConsistencyIssueTest" classname="SagaManager.Tests.Unit.ConsistencyGuardian.ConsistencyIssueTest" assertions="2" time="0.769632"/>
        <testcase name="test_is_open" file="/app/tests/unit/ConsistencyGuardian/ConsistencyIssueTest.php" line="499" class="SagaManager\Tests\Unit\ConsistencyGuardian\ConsistencyIssueTest" classname="SagaManager.Tests.Unit.ConsistencyGuardian.ConsistencyIssueTest" assertions="2" time="0.538154"/>
        <testcase name="test_is_resolved" file="/app/tests/unit/ConsistencyGuardian/ConsistencyIssueTest.php" line="534" class="SagaManager\Tests\Unit\ConsistencyGuardian\ConsistencyIssueTest" classname="SagaManager.Tests.Unit.ConsistencyGuardian.ConsistencyIssueTest" assertions="2" time="0.604418"/>
        <testcase name="test_get_severity_label" file="/app/tests/unit/ConsistencyGuardian/ConsistencyIssueTest.php" line="569" class="SagaManager\Tests\Unit\ConsistencyGuardian\ConsistencyIssueTest" classname="SagaManager.Tests.Unit.ConsistencyGuardian.ConsistencyIssueTest" assertions="5" time="0.635824"/>
        <testcase name="test_get_issue_type_label" file="/app/tests/unit/ConsistencyGuardian/ConsistencyIssueTest.php" line="599" class="SagaManager\Tests\Unit\ConsistencyGuardian\ConsistencyIssueTest" classname="SagaManager.Tests.Unit.ConsistencyGuardian.ConsistencyIssueTest" assertions="5" time="0.532631"/>
        <testcase name="test_handles_empty_context" file="/app/tests/unit/ConsistencyGuardian/ConsistencyIssueTest.php" line="629" class="SagaManager\Tests\Unit\ConsistencyGuardian\ConsistencyIssueTest" classname="SagaManager.Tests.Unit.ConsistencyGuardian.ConsistencyIssueTest" assertions="2" time="0.738830"/>
        <testcase name="test_handles_complex_context" file="/app/tests/unit/ConsistencyGuardian/ConsistencyIssueTest.php" line="652" class="SagaManager\Tests\Unit\ConsistencyGuardian\ConsistencyIssueTest" classname="SagaManager.Tests.Unit.ConsistencyGuardian.ConsistencyIssueTest" assertions="2" time="0.511940"/>
      </testsuite>
      <testsuite name="SagaManager\Tests\Unit\EntityExtractor\ExtractedEntityTest" file="/app/tests/unit/EntityExtractor/ExtractedEntityTest.php" tests="17" assertions="48" errors="0" failures="0" skipped="0" time="10.265744">
        <testcase name="test_can_create_extracted_entity" file="/app/tests/unit/EntityExtractor/ExtractedEntityTest.php" line="20" class="SagaManager\Tests\Unit\EntityExtractor\ExtractedEntityTest" classname="SagaManager.Tests.Unit.EntityExtractor.ExtractedEntityTest" assertions="4" time="0.667929"/>
        <testcase name="test_validates_empty_canonical_name" file="/app/tests/unit/EntityExtractor/ExtractedEntityTest.php" line="49" class="SagaManager\Tests\Unit\EntityExtractor\ExtractedEntityTest" classname="SagaManager.Tests.Unit.EntityExtractor.ExtractedEntityTest" assertions="2" time="0.514130"/>
[...]
        <testcase name="test_validates_no_self_relationship" file="/app/tests/unit/PredictiveRelationships/RelationshipSuggestionTest.php" line="86" class="SagaManager\Tests\Unit\PredictiveRelationships\RelationshipSuggestionTest" classname="SagaManager.Tests.Unit.PredictiveRelationships.RelationshipSuggestionTest" assertions="2" time="0.578147"/>
        <testcase name="test_get_confidence_level" file="/app/tests/unit/PredictiveRelationships/RelationshipSuggestionTest.php" line="103" class="SagaManager\Tests\Unit\PredictiveRelationships\RelationshipSuggestionTest" classname="SagaManager.Tests.Unit.PredictiveRelationships.RelationshipSuggestionTest" assertions="4" time="0.546843"/>
        <testcase name="test_accept_changes_status" file="/app/tests/unit/PredictiveRelationships/RelationshipSuggestionTest.php" line="155" class="SagaManager\Tests\Unit\PredictiveRelationships\RelationshipSuggestionTest" classname="SagaManager.Tests.Unit.PredictiveRelationships.RelationshipSuggestionTest" assertions="6" time="0.713931"/>
        <testcase name="test_reject_changes_status" file="/app/tests/unit/PredictiveRelationships/RelationshipSuggestionTest.php" line="180" class="SagaManager\Tests\Unit\PredictiveRelationships\RelationshipSuggestionTest" classname="SagaManager.Tests.Unit.PredictiveRelationships.RelationshipSuggestionTest" assertions="5" time="0.553637"/>
        <testcase name="test_modify_changes_status" file="/app/tests/unit/PredictiveRelationships/RelationshipSuggestionTest.php" line="202" class="SagaManager\Tests\Unit\PredictiveRelationships\RelationshipSuggestionTest" classname="SagaManager.Tests.Unit.PredictiveRelationships.RelationshipSuggestionTest" assertions="5" time="0.557068"/>
        <testcase name="test_calculate_priority_score" file="/app/tests/unit/PredictiveRelationships/RelationshipSuggestionTest.php" line="224" class="SagaManager\Tests\Unit\PredictiveRelationships\RelationshipSuggestionTest" classname="SagaManager.Tests.Unit.PredictiveRelationships.RelationshipSuggestionTest" assertions="3" time="0.533122"/>
        <testcase name="test_should_auto_accept" file="/app/tests/unit/PredictiveRelationships/RelationshipSuggestionTest.php" line="244" class="SagaManager\Tests\Unit\PredictiveRelationships\RelationshipSuggestionTest" classname="SagaManager.Tests.Unit.PredictiveRelationships.RelationshipSuggestionTest" assertions="2" time="0.564972"/>
        <testcase name="test_is_pending" file="/app/tests/unit/PredictiveRelationships/RelationshipSuggestionTest.php" line="272" class="SagaManager\Tests\Unit\PredictiveRelationships\RelationshipSuggestionTest" classname="SagaManager.Tests.Unit.PredictiveRelationships.RelationshipSuggestionTest" assertions="2" time="0.518176"/>
        <testcase name="test_converts_to_array" file="/app/tests/unit/PredictiveRelationships/RelationshipSuggestionTest.php" line="300" class="SagaManager\Tests\Unit\PredictiveRelationships\RelationshipSuggestionTest" classname="SagaManager.Tests.Unit.PredictiveRelationships.RelationshipSuggestionTest" assertions="6" time="0.698653"/>
        <testcase name="test_creates_from_array" file="/app/tests/unit/PredictiveRelationships/RelationshipSuggestionTest.php" line="323" class="SagaManager\Tests\Unit\PredictiveRelationships\RelationshipSuggestionTest" classname="SagaManager.Tests.Unit.PredictiveRelationships.RelationshipSuggestionTest" assertions="4" time="0.536397"/>
      </testsuite>
      <testsuite name="SagaManager\Tests\Unit\PredictiveRelationships\SuggestionFeatureTest" file="/app/tests/unit/PredictiveRelationships/SuggestionFeatureTest.php" tests="18" assertions="51" errors="0" failures="0" skipped="0" time="10.780020">
        <testcase name="test_can_create_suggestion_feature" file="/app/tests/unit/PredictiveRelationships/SuggestionFeatureTest.php" line="19" class="SagaManager\Tests\Unit\PredictiveRelationships\SuggestionFeatureTest" classname="SagaManager.Tests.Unit.PredictiveRelationships.SuggestionFeatureTest" assertions="4" time="0.690723"/>
        <testcase name="test_validates_feature_value_range_minimum" file="/app/tests/unit/PredictiveRelationships/SuggestionFeatureTest.php" line="38" class="SagaManager\Tests\Unit\PredictiveRelationships\SuggestionFeatureTest" classname="SagaManager.Tests.Unit.PredictiveRelationships.SuggestionFeatureTest" assertions="2" time="0.572372"/>
        <testcase name="test_validates_feature_value_range_maximum" file="/app/tests/unit/PredictiveRelationships/SuggestionFeatureTest.php" line="55" class="SagaManager\Tests\Unit\PredictiveRelationships\SuggestionFeatureTest" classname="SagaManager.Tests.Unit.PredictiveRelationships.SuggestionFeatureTest" assertions="1" time="0.612372"/>
        <testcase name="test_validates_weight_range" file="/app/tests/unit/PredictiveRelationships/SuggestionFeatureTest.php" line="71" class="SagaManager\Tests\Unit\PredictiveRelationships\SuggestionFeatureTest" classname="SagaManager.Tests.Unit.PredictiveRelationships.SuggestionFeatureTest" assertions="2" time="0.554600"/>
        <testcase name="test_get_weighted_value" file="/app/tests/unit/PredictiveRelationships/SuggestionFeatureTest.php" line="88" class="SagaManager\Tests\Unit\PredictiveRelationships\SuggestionFeatureTest" classname="SagaManager.Tests.Unit.PredictiveRelationships.SuggestionFeatureTest" assertions="1" time="0.551165"/>
        <testcase name="test_get_strength_label" file="/app/tests/unit/PredictiveRelationships/SuggestionFeatureTest.php" line="107" class="SagaManager\Tests\Unit\PredictiveRelationships\SuggestionFeatureTest" classname="SagaManager.Tests.Unit.PredictiveRelationships.SuggestionFeatureTest" assertions="4" time="0.513866"/>
        <testcase name="test_with_weight_creates_new_instance" file="/app/tests/unit/PredictiveRelationships/SuggestionFeatureTest.php" line="139" class="SagaManager\Tests\Unit\PredictiveRelationships\SuggestionFeatureTest" classname="SagaManager.Tests.Unit.PredictiveRelationships.SuggestionFeatureTest" assertions="4" time="0.545150"/>
        <testcase name="test_with_weight_validates_range" file="/app/tests/unit/PredictiveRelationships/SuggestionFeatureTest.php" line="160" class="SagaManager\Tests\Unit\PredictiveRelationships\SuggestionFeatureTest" classname="SagaManager.Tests.Unit.PredictiveRelationships.SuggestionFeatureTest" assertions="1" time="0.504742"/>
        <testcase name="test_get_contribution" file="/app/tests/unit/PredictiveRelationships/SuggestionFeatureTest.php" line="172" class="SagaManager\Tests\Unit\PredictiveRelationships\SuggestionFeatureTest" classname="SagaManager.Tests.Unit.PredictiveRelationships.SuggestionFeatureTest" assertions="1" time="0.669340"/>
        <testcase name="test_get_contribution_with_zero_total" file="/app/tests/unit/PredictiveRelationships/SuggestionFeatureTest.php" line="192" class="SagaManager\Tests\Unit\PredictiveRelationships\SuggestionFeatureTest" classname="SagaManager.Tests.Unit.PredictiveRelationships.SuggestionFeatureTest" assertions="1" time="0.554712"/>
        <testcase name="test_is_high_value" file="/app/tests/unit/PredictiveRelationships/SuggestionFeatureTest.php" line="205" class="SagaManager\Tests\Unit\PredictiveRelationships\SuggestionFeatureTest" classname="SagaManager.Tests.Unit.PredictiveRelationships.SuggestionFeatureTest" assertions="2" time="0.682982"/>
        <testcase name="test_create_normalized" file="/app/tests/unit/PredictiveRelationships/SuggestionFeatureTest.php" line="223" class="SagaManager\Tests\Unit\PredictiveRelationships\SuggestionFeatureTest" classname="SagaManager.Tests.Unit.PredictiveRelationships.SuggestionFeatureTest" assertions="3" time="0.564753"/>
        <testcase name="test_create_normalized_with_custom_weight" file="/app/tests/unit/PredictiveRelationships/SuggestionFeatureTest.php" line="241" class="SagaManager\Tests\Unit\PredictiveRelationships\SuggestionFeatureTest" classname="SagaManager.Tests.Unit.PredictiveRelationships.SuggestionFeatureTest" assertions="2" time="0.808176"/>
        <testcase name="test_create_normalized_clamps_to_range" file="/app/tests/unit/PredictiveRelationships/SuggestionFeatureTest.php" line="258" class="SagaManager\Tests\Unit\PredictiveRelationships\SuggestionFeatureTest" classname="SagaManager.Tests.Unit.PredictiveRelationships.SuggestionFeatureTest" assertions="2" time="0.510442"/>
        <testcase name="test_converts_to_array" file="/app/tests/unit/PredictiveRelationships/SuggestionFeatureTest.php" line="286" class="SagaManager\Tests\Unit\PredictiveRelationships\SuggestionFeatureTest" classname="SagaManager.Tests.Unit.PredictiveRelationships.SuggestionFeatureTest" assertions="7" time="0.624255"/>
        <testcase name="test_creates_from_array" file="/app/tests/unit/PredictiveRelationships/SuggestionFeatureTest.php" line="310" class="SagaManager\Tests\Unit\PredictiveRelationships\SuggestionFeatureTest" classname="SagaManager.Tests.Unit.PredictiveRelationships.SuggestionFeatureTest" assertions="4" time="0.506676"/>
        <testcase name="test_feature_type_descriptions" file="/app/tests/unit/PredictiveRelationships/SuggestionFeatureTest.php" line="331" class="SagaManager\Tests\Unit\PredictiveRelationships\SuggestionFeatureTest" classname="SagaManager.Tests.Unit.PredictiveRelationships.SuggestionFeatureTest" assertions="3" time="0.742741"/>
        <testcase name="test_feature_type_default_weights" file="/app/tests/unit/PredictiveRelationships/SuggestionFeatureTest.php" line="338" class="SagaManager\Tests\Unit\PredictiveRelationships\SuggestionFeatureTest" classname="SagaManager.Tests.Unit.PredictiveRelationships.SuggestionFeatureTest" assertions="7" time="0.570954"/>
      </testsuite>
      <testsuite name="SagaManager\Tests\Unit\SummaryGenerator\GeneratedSummaryTest" file="/app/tests/unit/SummaryGenerator/GeneratedSummaryTest.php" tests="16" assertions="50" errors="0" failures="0" skipped="0" time="10.504052">
        <testcase name="test_can_create_generated_summary" file="/app/tests/unit/SummaryGenerator/GeneratedSummaryTest.php" line="22" class="SagaManager\Tests\Unit\SummaryGenerator\GeneratedSummaryTest" classname="SagaManager.Tests.Unit.SummaryGenerator.GeneratedSummaryTest" assertions="6" time="0.833117"/>
        <testcase name="test_validates_title_not_empty" file="/app/tests/unit/SummaryGenerator/GeneratedSummaryTest.php" line="58" class="SagaManager\Tests\Unit\SummaryGenerator\GeneratedSummaryTest" classname="SagaManager.Tests.Unit.SummaryGenerator.GeneratedSummaryTest" assertions="2" time="0.641778"/>
        <testcase name="test_validates_summary_text_not_empty" file="/app/tests/unit/SummaryGenerator/GeneratedSummaryTest.php" line="90" class="SagaManager\Tests\Unit\SummaryGenerator\GeneratedSummaryTest" classname="SagaManager.Tests.Unit.SummaryGenerator.GeneratedSummaryTest" assertions="2" time="0.531932"/>
        <testcase name="test_validates_quality_score_range" file="/app/tests/unit/SummaryGenerator/GeneratedSummaryTest.php" line="122" class="SagaManager\Tests\Unit\SummaryGenerator\GeneratedSummaryTest" classname="SagaManager.Tests.Unit.SummaryGenerator.GeneratedSummaryTest" assertions="2" time="0.698854"/>
        <testcase name="test_validates_version_minimum" file="/app/tests/unit/SummaryGenerator/GeneratedSummaryTest.php" line="154" class="SagaManager\Tests\Unit\SummaryGenerator\GeneratedSummaryTest" classname="SagaManager.Tests.Unit.SummaryGenerator.GeneratedSummaryTest" assertions="2" time="0.557849"/>
        <testcase name="test_calculates_word_count" file="/app/tests/unit/SummaryGenerator/GeneratedSummaryTest.php" line="186" class="SagaManager\Tests\Unit\SummaryGenerator\GeneratedSummaryTest" classname="SagaManager.Tests.Unit.SummaryGenerator.GeneratedSummaryTest" assertions="1" time="0.742988"/>
        <testcase name="test_calculates_readability_score" file="/app/tests/unit/SummaryGenerator/GeneratedSummaryTest.php" line="197" class="SagaManager\Tests\Unit\SummaryGenerator\GeneratedSummaryTest" classname="SagaManager.Tests.Unit.SummaryGenerator.GeneratedSummaryTest" assertions="5" time="0.535929"/>
        <testcase name="test_generates_cache_key" file="/app/tests/unit/SummaryGenerator/GeneratedSummaryTest.php" line="210" class="SagaManager\Tests\Unit\SummaryGenerator\GeneratedSummaryTest" classname="SagaManager.Tests.Unit.SummaryGenerator.GeneratedSummaryTest" assertions="3" time="0.706274"/>
        <testcase name="test_creates_new_version" file="/app/tests/unit/SummaryGenerator/GeneratedSummaryTest.php" line="241" class="SagaManager\Tests\Unit\SummaryGenerator\GeneratedSummaryTest" classname="SagaManager.Tests.Unit.SummaryGenerator.GeneratedSummaryTest" assertions="5" time="0.567084"/>
        <testcase name="test_marks_as_old_version" file="/app/tests/unit/SummaryGenerator/GeneratedSummaryTest.php" line="278" class="SagaManager\Tests\Unit\SummaryGenerator\GeneratedSummaryTest" classname="SagaManager.Tests.Unit.SummaryGenerator.GeneratedSummaryTest" assertions="2" time="0.804375"/>
        <testcase name="test_updates_cache_expiration" file="/app/tests/unit/SummaryGenerator/GeneratedSummaryTest.php" line="313" class="SagaManager\Tests\Unit\SummaryGenerator\GeneratedSummaryTest" classname="SagaManager.Tests.Unit.SummaryGenerator.GeneratedSummaryTest" assertions="2" time="0.547734"/>
        <testcase name="test_checks_cache_expiration" file="/app/tests/unit/SummaryGenerator/GeneratedSummaryTest.php" line="348" class="SagaManager\Tests\Unit\SummaryGenerator\GeneratedSummaryTest" classname="SagaManager.Tests.Unit.SummaryGenerator.GeneratedSummaryTest" assertions="2" time="0.748888"/>
        <testcase name="test_gets_quality_label" file="/app/tests/unit/SummaryGenerator/GeneratedSummaryTest.php" line="403" class="SagaManager\Tests\Unit\SummaryGenerator\GeneratedSummaryTest" classname="SagaManager.Tests.Unit.SummaryGenerator.GeneratedSummaryTest" assertions="2" time="0.529617"/>
        <testcase name="test_detects_source_references" file="/app/tests/unit/SummaryGenerator/GeneratedSummaryTest.php" line="459" class="SagaManager\Tests\Unit\SummaryGenerator\GeneratedSummaryTest" classname="SagaManager.Tests.Unit.SummaryGenerator.GeneratedSummaryTest" assertions="4" time="0.757412"/>
        <testcase name="test_extracts_key_points" file="/app/tests/unit/SummaryGenerator/GeneratedSummaryTest.php" line="519" class="SagaManager\Tests\Unit\SummaryGenerator\GeneratedSummaryTest" classname="SagaManager.Tests.Unit.SummaryGenerator.GeneratedSummaryTest" assertions="2" time="0.527920"/>
        <testcase name="test_converts_to_array" file="/app/tests/unit/SummaryGenerator/GeneratedSummaryTest.php" line="531" class="SagaManager\Tests\Unit\SummaryGenerator\GeneratedSummaryTest" classname="SagaManager.Tests.Unit.SummaryGenerator.GeneratedSummaryTest" assertions="8" time="0.772300"/>
      </testsuite>
      <testsuite name="SagaManager\Tests\Unit\SummaryGenerator\SummaryRequestTest" file="/app/tests/unit/SummaryGenerator/SummaryRequestTest.php" tests="16" assertions="56" errors="0" failures="0" skipped="0" time="9.740860">
        <testcase name="test_can_create_summary_request" file="/app/tests/unit/SummaryGenerator/SummaryRequestTest.php" line="25" class="SagaManager\Tests\Unit\SummaryGenerator\SummaryRequestTest" classname="SagaManager.Tests.Unit.SummaryGenerator.SummaryRequestTest" assertions="8" time="0.592585"/>
        <testcase name="test_validates_priority_range" file="/app/tests/unit/SummaryGenerator/SummaryRequestTest.php" line="54" class="SagaManager\Tests\Unit\SummaryGenerator\SummaryRequestTest" classname="SagaManager.Tests.Unit.SummaryGenerator.SummaryRequestTest" assertions="2" time="0.592472"/>
        <testcase name="test_validates_retry_count" file="/app/tests/unit/SummaryGenerator/SummaryRequestTest.php" line="77" class="SagaManager\Tests\Unit\SummaryGenerator\SummaryRequestTest" classname="SagaManager.Tests.Unit.SummaryGenerator.SummaryRequestTest" assertions="2" time="0.563891"/>
        <testcase name="test_validates_entity_requirement_for_character_arc" file="/app/tests/unit/SummaryGenerator/SummaryRequestTest.php" line="101" class="SagaManager\Tests\Unit\SummaryGenerator\SummaryRequestTest" classname="SagaManager.Tests.Unit.SummaryGenerator.SummaryRequestTest" assertions="2" time="0.774450"/>
        <testcase name="test_can_transition_to_generating_status" file="/app/tests/unit/SummaryGenerator/SummaryRequestTest.php" line="124" class="SagaManager\Tests\Unit\SummaryGenerator\SummaryRequestTest" classname="SagaManager.Tests.Unit.SummaryGenerator.SummaryRequestTest" assertions="3" time="0.537785"/>
        <testcase name="test_can_transition_to_completed_status" file="/app/tests/unit/SummaryGenerator/SummaryRequestTest.php" line="151" class="SagaManager\Tests\Unit\SummaryGenerator\SummaryRequestTest" classname="SagaManager.Tests.Unit.SummaryGenerator.SummaryRequestTest" assertions="4" time="0.570637"/>
        <testcase name="test_cannot_change_from_final_status" file="/app/tests/unit/SummaryGenerator/SummaryRequestTest.php" line="180" class="SagaManager\Tests\Unit\SummaryGenerator\SummaryRequestTest" classname="SagaManager.Tests.Unit.SummaryGenerator.SummaryRequestTest" assertions="2" time="0.605682"/>
        <testcase name="test_can_mark_as_failed_with_error" file="/app/tests/unit/SummaryGenerator/SummaryRequestTest.php" line="205" class="SagaManager\Tests\Unit\SummaryGenerator\SummaryRequestTest" classname="SagaManager.Tests.Unit.SummaryGenerator.SummaryRequestTest" assertions="4" time="0.504278"/>
        <testcase name="test_can_increment_retry_count" file="/app/tests/unit/SummaryGenerator/SummaryRequestTest.php" line="235" class="SagaManager\Tests\Unit\SummaryGenerator\SummaryRequestTest" classname="SagaManager.Tests.Unit.SummaryGenerator.SummaryRequestTest" assertions="3" time="0.738070"/>
        <testcase name="test_cannot_retry_beyond_maximum" file="/app/tests/unit/SummaryGenerator/SummaryRequestTest.php" line="263" class="SagaManager\Tests\Unit\SummaryGenerator\SummaryRequestTest" classname="SagaManager.Tests.Unit.SummaryGenerator.SummaryRequestTest" assertions="2" time="0.494082"/>
        <testcase name="test_can_track_token_usage" file="/app/tests/unit/SummaryGenerator/SummaryRequestTest.php" line="289" class="SagaManager\Tests\Unit\SummaryGenerator\SummaryRequestTest" classname="SagaManager.Tests.Unit.SummaryGenerator.SummaryRequestTest" assertions="3" time="0.810773"/>
        <testcase name="test_can_estimate_tokens" file="/app/tests/unit/SummaryGenerator/SummaryRequestTest.php" line="315" class="SagaManager\Tests\Unit\SummaryGenerator\SummaryRequestTest" classname="SagaManager.Tests.Unit.SummaryGenerator.SummaryRequestTest" assertions="3" time="0.525913"/>
        <testcase name="test_can_check_retry_eligibility" file="/app/tests/unit/SummaryGenerator/SummaryRequestTest.php" line="342" class="SagaManager\Tests\Unit\SummaryGenerator\SummaryRequestTest" classname="SagaManager.Tests.Unit.SummaryGenerator.SummaryRequestTest" assertions="2" time="0.778512"/>
        <testcase name="test_calculates_progress_percentage" file="/app/tests/unit/SummaryGenerator/SummaryRequestTest.php" line="381" class="SagaManager\Tests\Unit\SummaryGenerator\SummaryRequestTest" classname="SagaManager.Tests.Unit.SummaryGenerator.SummaryRequestTest" assertions="3" time="0.514967"/>
        <testcase name="test_converts_to_array" file="/app/tests/unit/SummaryGenerator/SummaryRequestTest.php" line="409" class="SagaManager\Tests\Unit\SummaryGenerator\SummaryRequestTest" classname="SagaManager.Tests.Unit.SummaryGenerator.SummaryRequestTest" assertions="9" time="0.625337"/>
        <testcase name="test_creates_from_database_row" file="/app/tests/unit/SummaryGenerator/SummaryRequestTest.php" line="443" class="SagaManager\Tests\Unit\SummaryGenerator\SummaryRequestTest" classname="SagaManager.Tests.Unit.SummaryGenerator.SummaryRequestTest" assertions="4" time="0.511425"/>
      </testsuite>
    </testsuite>
  </testsuite>
</testsuites>
